Watching for file changes with StatReloader
"GET /prefix/about HTTP/1.1" 301 0
Error in about page: division by zero
Traceback (most recent call last):
  File "D:\учёба\Python\19. Фреймворк Django\Семинары\Lessons\myproject\myapp\views.py", line 14, in about
    result = 1 / 0
ZeroDivisionError: division by zero
"GET /prefix/about/ HTTP/1.1" 200 27
Index page accessed
"GET /prefix/ HTTP/1.1" 200 13
D:\учёба\Python\19. Фреймворк Django\Семинары\Lessons\myproject\myproject\settings.py changed, reloading.
Watching for file changes with StatReloader
INFO 2023-09-18 21:43:51,784 autoreload 12172 6688 Watching for file changes with StatReloader
INFO 2023-09-18 21:44:02,055 views 12172 8816 Index page accessed
INFO 2023-09-18 21:44:02,057 basehttp 12172 8816 "GET /prefix/ HTTP/1.1" 200 13
ERROR 2023-09-18 21:44:07,588 views 12172 8816 Error in about page: division by zero
Traceback (most recent call last):
  File "D:\учёба\Python\19. Фреймворк Django\Семинары\Lessons\myproject\myapp\views.py", line 14, in about
    result = 1 / 0
ZeroDivisionError: division by zero
INFO 2023-09-18 21:44:07,589 basehttp 12172 8816 "GET /prefix/about/ HTTP/1.1" 200 27
INFO 2023-09-18 21:44:13,906 views 12172 8816 Index page accessed
INFO 2023-09-18 21:44:13,907 basehttp 12172 8816 "GET /prefix/ HTTP/1.1" 200 13
INFO 2023-09-28 18:34:58,541 autoreload 11248 10760 Watching for file changes with StatReloader
INFO 2023-09-28 18:38:58,748 autoreload 9952 9904 Watching for file changes with StatReloader
INFO 2023-10-01 18:50:41,933 autoreload 7228 1908 Watching for file changes with StatReloader
WARNING 2023-10-01 18:50:56,145 log 7228 8392 Not Found: /
WARNING 2023-10-01 18:50:56,145 basehttp 7228 8392 "GET / HTTP/1.1" 404 2277
WARNING 2023-10-01 18:51:38,306 log 7228 8392 Not Found: /lesson3
WARNING 2023-10-01 18:51:38,307 basehttp 7228 8392 "GET /lesson3 HTTP/1.1" 404 2316
WARNING 2023-10-01 18:52:04,166 log 7228 8392 Not Found: /lesson3/
WARNING 2023-10-01 18:52:04,166 basehttp 7228 8392 "GET /lesson3/ HTTP/1.1" 404 2563
INFO 2023-10-01 18:52:56,154 basehttp 7228 8392 "GET /lesson3/hello HTTP/1.1" 301 0
INFO 2023-10-01 18:52:56,160 basehttp 7228 9120 "GET /lesson3/hello/ HTTP/1.1" 200 26
INFO 2023-10-01 18:53:08,259 basehttp 7228 9120 "GET /lesson3/hello2 HTTP/1.1" 301 0
INFO 2023-10-01 18:53:08,265 basehttp 7228 1576 "GET /lesson3/hello2/ HTTP/1.1" 200 23
INFO 2023-10-01 19:10:43,983 autoreload 8752 2296 Watching for file changes with StatReloader
INFO 2023-10-01 19:10:55,578 basehttp 8752 5516 "GET /lesson3/hello2/ HTTP/1.1" 200 23
WARNING 2023-10-01 19:11:00,740 log 8752 5516 Not Found: /lesson3/
WARNING 2023-10-01 19:11:00,741 basehttp 8752 5516 "GET /lesson3/ HTTP/1.1" 404 3208
INFO 2023-10-01 19:11:27,444 basehttp 8752 5516 "GET /lesson3/posts/2022/6 HTTP/1.1" 301 0
INFO 2023-10-01 19:11:27,450 basehttp 8752 856 "GET /lesson3/posts/2022/6/ HTTP/1.1" 200 21
INFO 2023-10-01 19:11:37,862 basehttp 8752 856 "GET /lesson3/posts/2022/6/python HTTP/1.1" 301 0
INFO 2023-10-01 19:11:37,869 basehttp 8752 8428 "GET /lesson3/posts/2022/6/python/ HTTP/1.1" 200 360
INFO 2023-10-01 19:23:58,206 autoreload 3672 10064 Watching for file changes with StatReloader
INFO 2023-10-01 19:24:05,584 basehttp 3672 864 "GET /lesson3 HTTP/1.1" 301 0
INFO 2023-10-01 19:24:05,641 basehttp 3672 2216 "GET /lesson3/ HTTP/1.1" 200 179
INFO 2023-10-01 19:35:58,073 autoreload 1252 7536 Watching for file changes with StatReloader
INFO 2023-10-01 19:36:10,900 basehttp 1252 9200 "GET /lesson3/if HTTP/1.1" 301 0
INFO 2023-10-01 19:36:10,946 basehttp 1252 4492 "GET /lesson3/if/ HTTP/1.1" 200 350
INFO 2023-10-01 19:36:55,397 autoreload 1252 7536 D:\учёба\Python\19. Фреймворк Django\Семинары\Lessons\myproject\myapp3\views.py changed, reloading.
INFO 2023-10-01 19:36:56,687 autoreload 7588 9736 Watching for file changes with StatReloader
INFO 2023-10-01 19:36:58,582 basehttp 7588 9908 "GET /lesson3/if/ HTTP/1.1" 200 348
INFO 2023-10-01 19:37:10,277 autoreload 7588 9736 D:\учёба\Python\19. Фреймворк Django\Семинары\Lessons\myproject\myapp3\views.py changed, reloading.
INFO 2023-10-01 19:37:11,565 autoreload 9188 1344 Watching for file changes with StatReloader
INFO 2023-10-01 19:42:13,315 autoreload 9188 1344 D:\учёба\Python\19. Фреймворк Django\Семинары\Lessons\myproject\myapp3\views.py changed, reloading.
INFO 2023-10-01 19:42:14,641 autoreload 9148 10012 Watching for file changes with StatReloader
INFO 2023-10-01 19:42:30,551 autoreload 9148 10012 D:\учёба\Python\19. Фреймворк Django\Семинары\Lessons\myproject\myapp3\views.py changed, reloading.
INFO 2023-10-01 19:42:31,819 autoreload 1520 9592 Watching for file changes with StatReloader
INFO 2023-10-01 19:45:08,507 autoreload 1520 9592 D:\учёба\Python\19. Фреймворк Django\Семинары\Lessons\myproject\myapp3\urls.py changed, reloading.
INFO 2023-10-01 19:45:09,773 autoreload 8504 9192 Watching for file changes with StatReloader
INFO 2023-10-01 19:45:17,159 autoreload 8504 9192 D:\учёба\Python\19. Фреймворк Django\Семинары\Lessons\myproject\myapp3\urls.py changed, reloading.
INFO 2023-10-01 19:45:18,401 autoreload 8536 9672 Watching for file changes with StatReloader
INFO 2023-10-01 19:45:43,993 basehttp 8536 8804 "GET /lesson3/for HTTP/1.1" 301 0
INFO 2023-10-01 19:45:44,005 basehttp 8536 3720 "GET /lesson3/for/ HTTP/1.1" 200 1168
INFO 2023-10-01 20:04:19,015 autoreload 8536 9672 D:\учёба\Python\19. Фреймворк Django\Семинары\Lessons\myproject\myapp3\views.py changed, reloading.
INFO 2023-10-01 20:04:20,353 autoreload 9852 9148 Watching for file changes with StatReloader
INFO 2023-10-01 20:04:56,632 autoreload 9852 9148 D:\учёба\Python\19. Фреймворк Django\Семинары\Lessons\myproject\myapp3\urls.py changed, reloading.
INFO 2023-10-01 20:04:58,231 autoreload 4832 2640 Watching for file changes with StatReloader
INFO 2023-10-01 20:06:19,225 autoreload 4832 2640 D:\учёба\Python\19. Фреймворк Django\Семинары\Lessons\myproject\myapp3\urls.py changed, reloading.
INFO 2023-10-01 20:06:20,578 autoreload 4304 9900 Watching for file changes with StatReloader
INFO 2023-10-01 20:06:34,100 autoreload 4304 9900 D:\учёба\Python\19. Фреймворк Django\Семинары\Lessons\myproject\myapp3\urls.py changed, reloading.
INFO 2023-10-01 20:06:35,435 autoreload 6408 8992 Watching for file changes with StatReloader
INFO 2023-10-01 20:07:04,986 basehttp 6408 8752 "GET /lesson3/index HTTP/1.1" 301 0
INFO 2023-10-01 20:07:04,999 basehttp 6408 4016 "GET /lesson3/index/ HTTP/1.1" 200 512
INFO 2023-10-01 20:07:14,991 basehttp 6408 4016 "GET /lesson3/about HTTP/1.1" 301 0
INFO 2023-10-01 20:07:14,999 basehttp 6408 8484 "GET /lesson3/about/ HTTP/1.1" 200 518
INFO 2023-10-01 20:10:00,620 autoreload 6408 8992 D:\учёба\Python\19. Фреймворк Django\Семинары\Lessons\myproject\myproject\settings.py changed, reloading.
INFO 2023-10-01 20:10:01,911 autoreload 1920 2216 Watching for file changes with StatReloader
INFO 2023-10-01 20:13:45,967 autoreload 1920 2216 D:\учёба\Python\19. Фреймворк Django\Семинары\Lessons\myproject\myproject\settings.py changed, reloading.
INFO 2023-10-01 20:13:47,265 autoreload 4484 9436 Watching for file changes with StatReloader
ERROR 2023-10-01 20:14:33,172 log 4484 7932 Internal Server Error: /lesson3/index/
Traceback (most recent call last):
  File "D:\учёба\Python\19. Фреймворк Django\Семинары\Lessons\venv\lib\site-packages\django\core\handlers\exception.py", line 55, in inner
    response = get_response(request)
  File "D:\учёба\Python\19. Фреймворк Django\Семинары\Lessons\venv\lib\site-packages\django\core\handlers\base.py", line 197, in _get_response
    response = wrapped_callback(request, *callback_args, **callback_kwargs)
  File "D:\учёба\Python\19. Фреймворк Django\Семинары\Lessons\myproject\myapp3\views.py", line 74, in index
    return render(request, 'myapp3/index.html')
  File "D:\учёба\Python\19. Фреймворк Django\Семинары\Lessons\venv\lib\site-packages\django\shortcuts.py", line 24, in render
    content = loader.render_to_string(template_name, context, request, using=using)
  File "D:\учёба\Python\19. Фреймворк Django\Семинары\Lessons\venv\lib\site-packages\django\template\loader.py", line 61, in render_to_string
    template = get_template(template_name, using=using)
  File "D:\учёба\Python\19. Фреймворк Django\Семинары\Lessons\venv\lib\site-packages\django\template\loader.py", line 15, in get_template
    return engine.get_template(template_name)
  File "D:\учёба\Python\19. Фреймворк Django\Семинары\Lessons\venv\lib\site-packages\django\template\backends\django.py", line 33, in get_template
    return Template(self.engine.get_template(template_name), self)
  File "D:\учёба\Python\19. Фреймворк Django\Семинары\Lessons\venv\lib\site-packages\django\template\engine.py", line 175, in get_template
    template, origin = self.find_template(template_name)
  File "D:\учёба\Python\19. Фреймворк Django\Семинары\Lessons\venv\lib\site-packages\django\template\engine.py", line 157, in find_template
    template = loader.get_template(name, skip=skip)
  File "D:\учёба\Python\19. Фреймворк Django\Семинары\Lessons\venv\lib\site-packages\django\template\loaders\cached.py", line 57, in get_template
    template = super().get_template(template_name, skip)
  File "D:\учёба\Python\19. Фреймворк Django\Семинары\Lessons\venv\lib\site-packages\django\template\loaders\base.py", line 28, in get_template
    return Template(
  File "D:\учёба\Python\19. Фреймворк Django\Семинары\Lessons\venv\lib\site-packages\django\template\base.py", line 154, in __init__
    self.nodelist = self.compile_nodelist()
  File "D:\учёба\Python\19. Фреймворк Django\Семинары\Lessons\venv\lib\site-packages\django\template\base.py", line 200, in compile_nodelist
    return parser.parse()
  File "D:\учёба\Python\19. Фреймворк Django\Семинары\Lessons\venv\lib\site-packages\django\template\base.py", line 513, in parse
    raise self.error(token, e)
  File "D:\учёба\Python\19. Фреймворк Django\Семинары\Lessons\venv\lib\site-packages\django\template\base.py", line 511, in parse
    compiled_result = compile_func(self, token)
  File "D:\учёба\Python\19. Фреймворк Django\Семинары\Lessons\venv\lib\site-packages\django\template\loader_tags.py", line 295, in do_extends
    raise TemplateSyntaxError(
django.template.exceptions.TemplateSyntaxError: 'extends' cannot appear more than once in the same template
ERROR 2023-10-01 20:14:33,179 basehttp 4484 7932 "GET /lesson3/index/ HTTP/1.1" 500 137567
INFO 2023-10-01 20:14:52,637 autoreload 8444 5104 Watching for file changes with StatReloader
ERROR 2023-10-01 20:14:57,297 log 8444 1544 Internal Server Error: /lesson3/index/
Traceback (most recent call last):
  File "D:\учёба\Python\19. Фреймворк Django\Семинары\Lessons\venv\lib\site-packages\django\core\handlers\exception.py", line 55, in inner
    response = get_response(request)
  File "D:\учёба\Python\19. Фреймворк Django\Семинары\Lessons\venv\lib\site-packages\django\core\handlers\base.py", line 197, in _get_response
    response = wrapped_callback(request, *callback_args, **callback_kwargs)
  File "D:\учёба\Python\19. Фреймворк Django\Семинары\Lessons\myproject\myapp3\views.py", line 74, in index
    return render(request, 'myapp3/index.html')
  File "D:\учёба\Python\19. Фреймворк Django\Семинары\Lessons\venv\lib\site-packages\django\shortcuts.py", line 24, in render
    content = loader.render_to_string(template_name, context, request, using=using)
  File "D:\учёба\Python\19. Фреймворк Django\Семинары\Lessons\venv\lib\site-packages\django\template\loader.py", line 61, in render_to_string
    template = get_template(template_name, using=using)
  File "D:\учёба\Python\19. Фреймворк Django\Семинары\Lessons\venv\lib\site-packages\django\template\loader.py", line 15, in get_template
    return engine.get_template(template_name)
  File "D:\учёба\Python\19. Фреймворк Django\Семинары\Lessons\venv\lib\site-packages\django\template\backends\django.py", line 33, in get_template
    return Template(self.engine.get_template(template_name), self)
  File "D:\учёба\Python\19. Фреймворк Django\Семинары\Lessons\venv\lib\site-packages\django\template\engine.py", line 175, in get_template
    template, origin = self.find_template(template_name)
  File "D:\учёба\Python\19. Фреймворк Django\Семинары\Lessons\venv\lib\site-packages\django\template\engine.py", line 157, in find_template
    template = loader.get_template(name, skip=skip)
  File "D:\учёба\Python\19. Фреймворк Django\Семинары\Lessons\venv\lib\site-packages\django\template\loaders\cached.py", line 57, in get_template
    template = super().get_template(template_name, skip)
  File "D:\учёба\Python\19. Фреймворк Django\Семинары\Lessons\venv\lib\site-packages\django\template\loaders\base.py", line 28, in get_template
    return Template(
  File "D:\учёба\Python\19. Фреймворк Django\Семинары\Lessons\venv\lib\site-packages\django\template\base.py", line 154, in __init__
    self.nodelist = self.compile_nodelist()
  File "D:\учёба\Python\19. Фреймворк Django\Семинары\Lessons\venv\lib\site-packages\django\template\base.py", line 200, in compile_nodelist
    return parser.parse()
  File "D:\учёба\Python\19. Фреймворк Django\Семинары\Lessons\venv\lib\site-packages\django\template\base.py", line 513, in parse
    raise self.error(token, e)
  File "D:\учёба\Python\19. Фреймворк Django\Семинары\Lessons\venv\lib\site-packages\django\template\base.py", line 511, in parse
    compiled_result = compile_func(self, token)
  File "D:\учёба\Python\19. Фреймворк Django\Семинары\Lessons\venv\lib\site-packages\django\template\loader_tags.py", line 295, in do_extends
    raise TemplateSyntaxError(
django.template.exceptions.TemplateSyntaxError: 'extends' cannot appear more than once in the same template
ERROR 2023-10-01 20:14:57,304 basehttp 8444 1544 "GET /lesson3/index/ HTTP/1.1" 500 137704
INFO 2023-10-01 20:19:34,489 autoreload 8444 5104 D:\учёба\Python\19. Фреймворк Django\Семинары\Lessons\myproject\myproject\settings.py changed, reloading.
INFO 2023-10-01 20:19:35,926 autoreload 7096 3572 Watching for file changes with StatReloader
ERROR 2023-10-01 20:19:43,886 log 7096 4832 Internal Server Error: /lesson3/index/
Traceback (most recent call last):
  File "D:\учёба\Python\19. Фреймворк Django\Семинары\Lessons\venv\lib\site-packages\django\core\handlers\exception.py", line 55, in inner
    response = get_response(request)
  File "D:\учёба\Python\19. Фреймворк Django\Семинары\Lessons\venv\lib\site-packages\django\core\handlers\base.py", line 197, in _get_response
    response = wrapped_callback(request, *callback_args, **callback_kwargs)
  File "D:\учёба\Python\19. Фреймворк Django\Семинары\Lessons\myproject\myapp3\views.py", line 74, in index
    return render(request, 'myapp3/index.html')
  File "D:\учёба\Python\19. Фреймворк Django\Семинары\Lessons\venv\lib\site-packages\django\shortcuts.py", line 24, in render
    content = loader.render_to_string(template_name, context, request, using=using)
  File "D:\учёба\Python\19. Фреймворк Django\Семинары\Lessons\venv\lib\site-packages\django\template\loader.py", line 61, in render_to_string
    template = get_template(template_name, using=using)
  File "D:\учёба\Python\19. Фреймворк Django\Семинары\Lessons\venv\lib\site-packages\django\template\loader.py", line 15, in get_template
    return engine.get_template(template_name)
  File "D:\учёба\Python\19. Фреймворк Django\Семинары\Lessons\venv\lib\site-packages\django\template\backends\django.py", line 33, in get_template
    return Template(self.engine.get_template(template_name), self)
  File "D:\учёба\Python\19. Фреймворк Django\Семинары\Lessons\venv\lib\site-packages\django\template\engine.py", line 175, in get_template
    template, origin = self.find_template(template_name)
  File "D:\учёба\Python\19. Фреймворк Django\Семинары\Lessons\venv\lib\site-packages\django\template\engine.py", line 157, in find_template
    template = loader.get_template(name, skip=skip)
  File "D:\учёба\Python\19. Фреймворк Django\Семинары\Lessons\venv\lib\site-packages\django\template\loaders\cached.py", line 57, in get_template
    template = super().get_template(template_name, skip)
  File "D:\учёба\Python\19. Фреймворк Django\Семинары\Lessons\venv\lib\site-packages\django\template\loaders\base.py", line 28, in get_template
    return Template(
  File "D:\учёба\Python\19. Фреймворк Django\Семинары\Lessons\venv\lib\site-packages\django\template\base.py", line 154, in __init__
    self.nodelist = self.compile_nodelist()
  File "D:\учёба\Python\19. Фреймворк Django\Семинары\Lessons\venv\lib\site-packages\django\template\base.py", line 200, in compile_nodelist
    return parser.parse()
  File "D:\учёба\Python\19. Фреймворк Django\Семинары\Lessons\venv\lib\site-packages\django\template\base.py", line 513, in parse
    raise self.error(token, e)
  File "D:\учёба\Python\19. Фреймворк Django\Семинары\Lessons\venv\lib\site-packages\django\template\base.py", line 511, in parse
    compiled_result = compile_func(self, token)
  File "D:\учёба\Python\19. Фреймворк Django\Семинары\Lessons\venv\lib\site-packages\django\template\loader_tags.py", line 295, in do_extends
    raise TemplateSyntaxError(
django.template.exceptions.TemplateSyntaxError: 'extends' cannot appear more than once in the same template
ERROR 2023-10-01 20:19:43,892 basehttp 7096 4832 "GET /lesson3/index/ HTTP/1.1" 500 137704
INFO 2023-10-01 20:19:53,415 autoreload 10120 9332 Watching for file changes with StatReloader
ERROR 2023-10-01 20:19:53,945 log 10120 8752 Internal Server Error: /lesson3/index/
Traceback (most recent call last):
  File "D:\учёба\Python\19. Фреймворк Django\Семинары\Lessons\venv\lib\site-packages\django\core\handlers\exception.py", line 55, in inner
    response = get_response(request)
  File "D:\учёба\Python\19. Фреймворк Django\Семинары\Lessons\venv\lib\site-packages\django\core\handlers\base.py", line 197, in _get_response
    response = wrapped_callback(request, *callback_args, **callback_kwargs)
  File "D:\учёба\Python\19. Фреймворк Django\Семинары\Lessons\myproject\myapp3\views.py", line 74, in index
    return render(request, 'myapp3/index.html')
  File "D:\учёба\Python\19. Фреймворк Django\Семинары\Lessons\venv\lib\site-packages\django\shortcuts.py", line 24, in render
    content = loader.render_to_string(template_name, context, request, using=using)
  File "D:\учёба\Python\19. Фреймворк Django\Семинары\Lessons\venv\lib\site-packages\django\template\loader.py", line 61, in render_to_string
    template = get_template(template_name, using=using)
  File "D:\учёба\Python\19. Фреймворк Django\Семинары\Lessons\venv\lib\site-packages\django\template\loader.py", line 15, in get_template
    return engine.get_template(template_name)
  File "D:\учёба\Python\19. Фреймворк Django\Семинары\Lessons\venv\lib\site-packages\django\template\backends\django.py", line 33, in get_template
    return Template(self.engine.get_template(template_name), self)
  File "D:\учёба\Python\19. Фреймворк Django\Семинары\Lessons\venv\lib\site-packages\django\template\engine.py", line 175, in get_template
    template, origin = self.find_template(template_name)
  File "D:\учёба\Python\19. Фреймворк Django\Семинары\Lessons\venv\lib\site-packages\django\template\engine.py", line 157, in find_template
    template = loader.get_template(name, skip=skip)
  File "D:\учёба\Python\19. Фреймворк Django\Семинары\Lessons\venv\lib\site-packages\django\template\loaders\cached.py", line 57, in get_template
    template = super().get_template(template_name, skip)
  File "D:\учёба\Python\19. Фреймворк Django\Семинары\Lessons\venv\lib\site-packages\django\template\loaders\base.py", line 28, in get_template
    return Template(
  File "D:\учёба\Python\19. Фреймворк Django\Семинары\Lessons\venv\lib\site-packages\django\template\base.py", line 154, in __init__
    self.nodelist = self.compile_nodelist()
  File "D:\учёба\Python\19. Фреймворк Django\Семинары\Lessons\venv\lib\site-packages\django\template\base.py", line 200, in compile_nodelist
    return parser.parse()
  File "D:\учёба\Python\19. Фреймворк Django\Семинары\Lessons\venv\lib\site-packages\django\template\base.py", line 513, in parse
    raise self.error(token, e)
  File "D:\учёба\Python\19. Фреймворк Django\Семинары\Lessons\venv\lib\site-packages\django\template\base.py", line 511, in parse
    compiled_result = compile_func(self, token)
  File "D:\учёба\Python\19. Фреймворк Django\Семинары\Lessons\venv\lib\site-packages\django\template\loader_tags.py", line 295, in do_extends
    raise TemplateSyntaxError(
django.template.exceptions.TemplateSyntaxError: 'extends' cannot appear more than once in the same template
ERROR 2023-10-01 20:19:53,953 basehttp 10120 8752 "GET /lesson3/index/ HTTP/1.1" 500 137704
INFO 2023-10-01 20:24:26,042 autoreload 10232 9084 Watching for file changes with StatReloader
ERROR 2023-10-01 20:24:29,099 log 10232 8544 Internal Server Error: /lesson3/index/
Traceback (most recent call last):
  File "D:\учёба\Python\19. Фреймворк Django\Семинары\Lessons\venv\lib\site-packages\django\core\handlers\exception.py", line 55, in inner
    response = get_response(request)
  File "D:\учёба\Python\19. Фреймворк Django\Семинары\Lessons\venv\lib\site-packages\django\core\handlers\base.py", line 197, in _get_response
    response = wrapped_callback(request, *callback_args, **callback_kwargs)
  File "D:\учёба\Python\19. Фреймворк Django\Семинары\Lessons\myproject\myapp3\views.py", line 74, in index
    return render(request, 'myapp3/index.html')
  File "D:\учёба\Python\19. Фреймворк Django\Семинары\Lessons\venv\lib\site-packages\django\shortcuts.py", line 24, in render
    content = loader.render_to_string(template_name, context, request, using=using)
  File "D:\учёба\Python\19. Фреймворк Django\Семинары\Lessons\venv\lib\site-packages\django\template\loader.py", line 61, in render_to_string
    template = get_template(template_name, using=using)
  File "D:\учёба\Python\19. Фреймворк Django\Семинары\Lessons\venv\lib\site-packages\django\template\loader.py", line 15, in get_template
    return engine.get_template(template_name)
  File "D:\учёба\Python\19. Фреймворк Django\Семинары\Lessons\venv\lib\site-packages\django\template\backends\django.py", line 33, in get_template
    return Template(self.engine.get_template(template_name), self)
  File "D:\учёба\Python\19. Фреймворк Django\Семинары\Lessons\venv\lib\site-packages\django\template\engine.py", line 175, in get_template
    template, origin = self.find_template(template_name)
  File "D:\учёба\Python\19. Фреймворк Django\Семинары\Lessons\venv\lib\site-packages\django\template\engine.py", line 157, in find_template
    template = loader.get_template(name, skip=skip)
  File "D:\учёба\Python\19. Фреймворк Django\Семинары\Lessons\venv\lib\site-packages\django\template\loaders\cached.py", line 57, in get_template
    template = super().get_template(template_name, skip)
  File "D:\учёба\Python\19. Фреймворк Django\Семинары\Lessons\venv\lib\site-packages\django\template\loaders\base.py", line 28, in get_template
    return Template(
  File "D:\учёба\Python\19. Фреймворк Django\Семинары\Lessons\venv\lib\site-packages\django\template\base.py", line 154, in __init__
    self.nodelist = self.compile_nodelist()
  File "D:\учёба\Python\19. Фреймворк Django\Семинары\Lessons\venv\lib\site-packages\django\template\base.py", line 200, in compile_nodelist
    return parser.parse()
  File "D:\учёба\Python\19. Фреймворк Django\Семинары\Lessons\venv\lib\site-packages\django\template\base.py", line 513, in parse
    raise self.error(token, e)
  File "D:\учёба\Python\19. Фреймворк Django\Семинары\Lessons\venv\lib\site-packages\django\template\base.py", line 511, in parse
    compiled_result = compile_func(self, token)
  File "D:\учёба\Python\19. Фреймворк Django\Семинары\Lessons\venv\lib\site-packages\django\template\loader_tags.py", line 295, in do_extends
    raise TemplateSyntaxError(
django.template.exceptions.TemplateSyntaxError: 'extends' cannot appear more than once in the same template
ERROR 2023-10-01 20:24:29,105 basehttp 10232 8544 "GET /lesson3/index/ HTTP/1.1" 500 137704
INFO 2023-10-01 20:24:37,996 basehttp 10232 8544 "GET /lesson3/if/ HTTP/1.1" 200 348
ERROR 2023-10-01 20:24:47,533 log 10232 8544 Internal Server Error: /lesson3/index/
Traceback (most recent call last):
  File "D:\учёба\Python\19. Фреймворк Django\Семинары\Lessons\venv\lib\site-packages\django\core\handlers\exception.py", line 55, in inner
    response = get_response(request)
  File "D:\учёба\Python\19. Фреймворк Django\Семинары\Lessons\venv\lib\site-packages\django\core\handlers\base.py", line 197, in _get_response
    response = wrapped_callback(request, *callback_args, **callback_kwargs)
  File "D:\учёба\Python\19. Фреймворк Django\Семинары\Lessons\myproject\myapp3\views.py", line 74, in index
    return render(request, 'myapp3/index.html')
  File "D:\учёба\Python\19. Фреймворк Django\Семинары\Lessons\venv\lib\site-packages\django\shortcuts.py", line 24, in render
    content = loader.render_to_string(template_name, context, request, using=using)
  File "D:\учёба\Python\19. Фреймворк Django\Семинары\Lessons\venv\lib\site-packages\django\template\loader.py", line 61, in render_to_string
    template = get_template(template_name, using=using)
  File "D:\учёба\Python\19. Фреймворк Django\Семинары\Lessons\venv\lib\site-packages\django\template\loader.py", line 15, in get_template
    return engine.get_template(template_name)
  File "D:\учёба\Python\19. Фреймворк Django\Семинары\Lessons\venv\lib\site-packages\django\template\backends\django.py", line 33, in get_template
    return Template(self.engine.get_template(template_name), self)
  File "D:\учёба\Python\19. Фреймворк Django\Семинары\Lessons\venv\lib\site-packages\django\template\engine.py", line 175, in get_template
    template, origin = self.find_template(template_name)
  File "D:\учёба\Python\19. Фреймворк Django\Семинары\Lessons\venv\lib\site-packages\django\template\engine.py", line 157, in find_template
    template = loader.get_template(name, skip=skip)
  File "D:\учёба\Python\19. Фреймворк Django\Семинары\Lessons\venv\lib\site-packages\django\template\loaders\cached.py", line 57, in get_template
    template = super().get_template(template_name, skip)
  File "D:\учёба\Python\19. Фреймворк Django\Семинары\Lessons\venv\lib\site-packages\django\template\loaders\base.py", line 28, in get_template
    return Template(
  File "D:\учёба\Python\19. Фреймворк Django\Семинары\Lessons\venv\lib\site-packages\django\template\base.py", line 154, in __init__
    self.nodelist = self.compile_nodelist()
  File "D:\учёба\Python\19. Фреймворк Django\Семинары\Lessons\venv\lib\site-packages\django\template\base.py", line 200, in compile_nodelist
    return parser.parse()
  File "D:\учёба\Python\19. Фреймворк Django\Семинары\Lessons\venv\lib\site-packages\django\template\base.py", line 513, in parse
    raise self.error(token, e)
  File "D:\учёба\Python\19. Фреймворк Django\Семинары\Lessons\venv\lib\site-packages\django\template\base.py", line 511, in parse
    compiled_result = compile_func(self, token)
  File "D:\учёба\Python\19. Фреймворк Django\Семинары\Lessons\venv\lib\site-packages\django\template\loader_tags.py", line 295, in do_extends
    raise TemplateSyntaxError(
django.template.exceptions.TemplateSyntaxError: 'extends' cannot appear more than once in the same template
ERROR 2023-10-01 20:24:47,538 basehttp 10232 8544 "GET /lesson3/index/ HTTP/1.1" 500 137567
INFO 2023-10-01 20:25:44,907 autoreload 10232 9084 D:\учёба\Python\19. Фреймворк Django\Семинары\Lessons\myproject\myproject\urls.py changed, reloading.
INFO 2023-10-01 20:25:46,181 autoreload 7208 6584 Watching for file changes with StatReloader
INFO 2023-10-01 20:26:36,886 autoreload 7208 6584 D:\учёба\Python\19. Фреймворк Django\Семинары\Lessons\myproject\myproject\urls.py changed, reloading.
INFO 2023-10-01 20:26:38,224 autoreload 9824 8012 Watching for file changes with StatReloader
ERROR 2023-10-01 20:26:44,569 log 9824 9656 Internal Server Error: /lesson3/index/
Traceback (most recent call last):
  File "D:\учёба\Python\19. Фреймворк Django\Семинары\Lessons\venv\lib\site-packages\django\core\handlers\exception.py", line 55, in inner
    response = get_response(request)
  File "D:\учёба\Python\19. Фреймворк Django\Семинары\Lessons\venv\lib\site-packages\django\core\handlers\base.py", line 197, in _get_response
    response = wrapped_callback(request, *callback_args, **callback_kwargs)
  File "D:\учёба\Python\19. Фреймворк Django\Семинары\Lessons\myproject\myapp3\views.py", line 74, in index
    return render(request, 'myapp3/index.html')
  File "D:\учёба\Python\19. Фреймворк Django\Семинары\Lessons\venv\lib\site-packages\django\shortcuts.py", line 24, in render
    content = loader.render_to_string(template_name, context, request, using=using)
  File "D:\учёба\Python\19. Фреймворк Django\Семинары\Lessons\venv\lib\site-packages\django\template\loader.py", line 61, in render_to_string
    template = get_template(template_name, using=using)
  File "D:\учёба\Python\19. Фреймворк Django\Семинары\Lessons\venv\lib\site-packages\django\template\loader.py", line 15, in get_template
    return engine.get_template(template_name)
  File "D:\учёба\Python\19. Фреймворк Django\Семинары\Lessons\venv\lib\site-packages\django\template\backends\django.py", line 33, in get_template
    return Template(self.engine.get_template(template_name), self)
  File "D:\учёба\Python\19. Фреймворк Django\Семинары\Lessons\venv\lib\site-packages\django\template\engine.py", line 175, in get_template
    template, origin = self.find_template(template_name)
  File "D:\учёба\Python\19. Фреймворк Django\Семинары\Lessons\venv\lib\site-packages\django\template\engine.py", line 157, in find_template
    template = loader.get_template(name, skip=skip)
  File "D:\учёба\Python\19. Фреймворк Django\Семинары\Lessons\venv\lib\site-packages\django\template\loaders\cached.py", line 57, in get_template
    template = super().get_template(template_name, skip)
  File "D:\учёба\Python\19. Фреймворк Django\Семинары\Lessons\venv\lib\site-packages\django\template\loaders\base.py", line 28, in get_template
    return Template(
  File "D:\учёба\Python\19. Фреймворк Django\Семинары\Lessons\venv\lib\site-packages\django\template\base.py", line 154, in __init__
    self.nodelist = self.compile_nodelist()
  File "D:\учёба\Python\19. Фреймворк Django\Семинары\Lessons\venv\lib\site-packages\django\template\base.py", line 200, in compile_nodelist
    return parser.parse()
  File "D:\учёба\Python\19. Фреймворк Django\Семинары\Lessons\venv\lib\site-packages\django\template\base.py", line 513, in parse
    raise self.error(token, e)
  File "D:\учёба\Python\19. Фреймворк Django\Семинары\Lessons\venv\lib\site-packages\django\template\base.py", line 511, in parse
    compiled_result = compile_func(self, token)
  File "D:\учёба\Python\19. Фреймворк Django\Семинары\Lessons\venv\lib\site-packages\django\template\loader_tags.py", line 295, in do_extends
    raise TemplateSyntaxError(
django.template.exceptions.TemplateSyntaxError: 'extends' cannot appear more than once in the same template
ERROR 2023-10-01 20:26:44,577 basehttp 9824 9656 "GET /lesson3/index/ HTTP/1.1" 500 137704
INFO 2023-10-01 20:26:52,010 basehttp 9824 9656 "GET /lesson3/ HTTP/1.1" 200 179
ERROR 2023-10-01 20:27:16,456 log 9824 9656 Internal Server Error: /
Traceback (most recent call last):
  File "D:\учёба\Python\19. Фреймворк Django\Семинары\Lessons\venv\lib\site-packages\django\core\handlers\exception.py", line 55, in inner
    response = get_response(request)
  File "D:\учёба\Python\19. Фреймворк Django\Семинары\Lessons\venv\lib\site-packages\django\core\handlers\base.py", line 197, in _get_response
    response = wrapped_callback(request, *callback_args, **callback_kwargs)
  File "D:\учёба\Python\19. Фреймворк Django\Семинары\Lessons\myproject\myapp3\views.py", line 74, in index
    return render(request, 'myapp3/index.html')
  File "D:\учёба\Python\19. Фреймворк Django\Семинары\Lessons\venv\lib\site-packages\django\shortcuts.py", line 24, in render
    content = loader.render_to_string(template_name, context, request, using=using)
  File "D:\учёба\Python\19. Фреймворк Django\Семинары\Lessons\venv\lib\site-packages\django\template\loader.py", line 61, in render_to_string
    template = get_template(template_name, using=using)
  File "D:\учёба\Python\19. Фреймворк Django\Семинары\Lessons\venv\lib\site-packages\django\template\loader.py", line 15, in get_template
    return engine.get_template(template_name)
  File "D:\учёба\Python\19. Фреймворк Django\Семинары\Lessons\venv\lib\site-packages\django\template\backends\django.py", line 33, in get_template
    return Template(self.engine.get_template(template_name), self)
  File "D:\учёба\Python\19. Фреймворк Django\Семинары\Lessons\venv\lib\site-packages\django\template\engine.py", line 175, in get_template
    template, origin = self.find_template(template_name)
  File "D:\учёба\Python\19. Фреймворк Django\Семинары\Lessons\venv\lib\site-packages\django\template\engine.py", line 157, in find_template
    template = loader.get_template(name, skip=skip)
  File "D:\учёба\Python\19. Фреймворк Django\Семинары\Lessons\venv\lib\site-packages\django\template\loaders\cached.py", line 57, in get_template
    template = super().get_template(template_name, skip)
  File "D:\учёба\Python\19. Фреймворк Django\Семинары\Lessons\venv\lib\site-packages\django\template\loaders\base.py", line 28, in get_template
    return Template(
  File "D:\учёба\Python\19. Фреймворк Django\Семинары\Lessons\venv\lib\site-packages\django\template\base.py", line 154, in __init__
    self.nodelist = self.compile_nodelist()
  File "D:\учёба\Python\19. Фреймворк Django\Семинары\Lessons\venv\lib\site-packages\django\template\base.py", line 200, in compile_nodelist
    return parser.parse()
  File "D:\учёба\Python\19. Фреймворк Django\Семинары\Lessons\venv\lib\site-packages\django\template\base.py", line 513, in parse
    raise self.error(token, e)
  File "D:\учёба\Python\19. Фреймворк Django\Семинары\Lessons\venv\lib\site-packages\django\template\base.py", line 511, in parse
    compiled_result = compile_func(self, token)
  File "D:\учёба\Python\19. Фреймворк Django\Семинары\Lessons\venv\lib\site-packages\django\template\loader_tags.py", line 295, in do_extends
    raise TemplateSyntaxError(
django.template.exceptions.TemplateSyntaxError: 'extends' cannot appear more than once in the same template
ERROR 2023-10-01 20:27:16,461 basehttp 9824 9656 "GET / HTTP/1.1" 500 137399
ERROR 2023-10-01 20:30:57,836 log 9824 9656 Internal Server Error: /
Traceback (most recent call last):
  File "D:\учёба\Python\19. Фреймворк Django\Семинары\Lessons\venv\lib\site-packages\django\core\handlers\exception.py", line 55, in inner
    response = get_response(request)
  File "D:\учёба\Python\19. Фреймворк Django\Семинары\Lessons\venv\lib\site-packages\django\core\handlers\base.py", line 197, in _get_response
    response = wrapped_callback(request, *callback_args, **callback_kwargs)
  File "D:\учёба\Python\19. Фреймворк Django\Семинары\Lessons\myproject\myapp3\views.py", line 74, in index
    return render(request, 'myapp3/index.html')
  File "D:\учёба\Python\19. Фреймворк Django\Семинары\Lessons\venv\lib\site-packages\django\shortcuts.py", line 24, in render
    content = loader.render_to_string(template_name, context, request, using=using)
  File "D:\учёба\Python\19. Фреймворк Django\Семинары\Lessons\venv\lib\site-packages\django\template\loader.py", line 61, in render_to_string
    template = get_template(template_name, using=using)
  File "D:\учёба\Python\19. Фреймворк Django\Семинары\Lessons\venv\lib\site-packages\django\template\loader.py", line 15, in get_template
    return engine.get_template(template_name)
  File "D:\учёба\Python\19. Фреймворк Django\Семинары\Lessons\venv\lib\site-packages\django\template\backends\django.py", line 33, in get_template
    return Template(self.engine.get_template(template_name), self)
  File "D:\учёба\Python\19. Фреймворк Django\Семинары\Lessons\venv\lib\site-packages\django\template\engine.py", line 175, in get_template
    template, origin = self.find_template(template_name)
  File "D:\учёба\Python\19. Фреймворк Django\Семинары\Lessons\venv\lib\site-packages\django\template\engine.py", line 157, in find_template
    template = loader.get_template(name, skip=skip)
  File "D:\учёба\Python\19. Фреймворк Django\Семинары\Lessons\venv\lib\site-packages\django\template\loaders\cached.py", line 57, in get_template
    template = super().get_template(template_name, skip)
  File "D:\учёба\Python\19. Фреймворк Django\Семинары\Lessons\venv\lib\site-packages\django\template\loaders\base.py", line 28, in get_template
    return Template(
  File "D:\учёба\Python\19. Фреймворк Django\Семинары\Lessons\venv\lib\site-packages\django\template\base.py", line 154, in __init__
    self.nodelist = self.compile_nodelist()
  File "D:\учёба\Python\19. Фреймворк Django\Семинары\Lessons\venv\lib\site-packages\django\template\base.py", line 200, in compile_nodelist
    return parser.parse()
  File "D:\учёба\Python\19. Фреймворк Django\Семинары\Lessons\venv\lib\site-packages\django\template\base.py", line 513, in parse
    raise self.error(token, e)
  File "D:\учёба\Python\19. Фреймворк Django\Семинары\Lessons\venv\lib\site-packages\django\template\base.py", line 511, in parse
    compiled_result = compile_func(self, token)
  File "D:\учёба\Python\19. Фреймворк Django\Семинары\Lessons\venv\lib\site-packages\django\template\loader_tags.py", line 295, in do_extends
    raise TemplateSyntaxError(
django.template.exceptions.TemplateSyntaxError: 'extends' cannot appear more than once in the same template
ERROR 2023-10-01 20:30:57,840 basehttp 9824 9656 "GET / HTTP/1.1" 500 137476
ERROR 2023-10-01 20:31:57,938 log 9824 9656 Internal Server Error: /
Traceback (most recent call last):
  File "D:\учёба\Python\19. Фреймворк Django\Семинары\Lessons\venv\lib\site-packages\django\core\handlers\exception.py", line 55, in inner
    response = get_response(request)
  File "D:\учёба\Python\19. Фреймворк Django\Семинары\Lessons\venv\lib\site-packages\django\core\handlers\base.py", line 197, in _get_response
    response = wrapped_callback(request, *callback_args, **callback_kwargs)
  File "D:\учёба\Python\19. Фреймворк Django\Семинары\Lessons\myproject\myapp3\views.py", line 74, in index
    return render(request, 'myapp3/index.html')
  File "D:\учёба\Python\19. Фреймворк Django\Семинары\Lessons\venv\lib\site-packages\django\shortcuts.py", line 24, in render
    content = loader.render_to_string(template_name, context, request, using=using)
  File "D:\учёба\Python\19. Фреймворк Django\Семинары\Lessons\venv\lib\site-packages\django\template\loader.py", line 61, in render_to_string
    template = get_template(template_name, using=using)
  File "D:\учёба\Python\19. Фреймворк Django\Семинары\Lessons\venv\lib\site-packages\django\template\loader.py", line 15, in get_template
    return engine.get_template(template_name)
  File "D:\учёба\Python\19. Фреймворк Django\Семинары\Lessons\venv\lib\site-packages\django\template\backends\django.py", line 33, in get_template
    return Template(self.engine.get_template(template_name), self)
  File "D:\учёба\Python\19. Фреймворк Django\Семинары\Lessons\venv\lib\site-packages\django\template\engine.py", line 175, in get_template
    template, origin = self.find_template(template_name)
  File "D:\учёба\Python\19. Фреймворк Django\Семинары\Lessons\venv\lib\site-packages\django\template\engine.py", line 157, in find_template
    template = loader.get_template(name, skip=skip)
  File "D:\учёба\Python\19. Фреймворк Django\Семинары\Lessons\venv\lib\site-packages\django\template\loaders\cached.py", line 57, in get_template
    template = super().get_template(template_name, skip)
  File "D:\учёба\Python\19. Фреймворк Django\Семинары\Lessons\venv\lib\site-packages\django\template\loaders\base.py", line 28, in get_template
    return Template(
  File "D:\учёба\Python\19. Фреймворк Django\Семинары\Lessons\venv\lib\site-packages\django\template\base.py", line 154, in __init__
    self.nodelist = self.compile_nodelist()
  File "D:\учёба\Python\19. Фреймворк Django\Семинары\Lessons\venv\lib\site-packages\django\template\base.py", line 200, in compile_nodelist
    return parser.parse()
  File "D:\учёба\Python\19. Фреймворк Django\Семинары\Lessons\venv\lib\site-packages\django\template\base.py", line 513, in parse
    raise self.error(token, e)
  File "D:\учёба\Python\19. Фреймворк Django\Семинары\Lessons\venv\lib\site-packages\django\template\base.py", line 511, in parse
    compiled_result = compile_func(self, token)
  File "D:\учёба\Python\19. Фреймворк Django\Семинары\Lessons\venv\lib\site-packages\django\template\loader_tags.py", line 295, in do_extends
    raise TemplateSyntaxError(
django.template.exceptions.TemplateSyntaxError: 'extends' cannot appear more than once in the same template
ERROR 2023-10-01 20:31:57,942 basehttp 9824 9656 "GET / HTTP/1.1" 500 137575
ERROR 2023-10-01 20:32:07,370 log 9824 9656 Internal Server Error: /lesson3/index/
Traceback (most recent call last):
  File "D:\учёба\Python\19. Фреймворк Django\Семинары\Lessons\venv\lib\site-packages\django\core\handlers\exception.py", line 55, in inner
    response = get_response(request)
  File "D:\учёба\Python\19. Фреймворк Django\Семинары\Lessons\venv\lib\site-packages\django\core\handlers\base.py", line 197, in _get_response
    response = wrapped_callback(request, *callback_args, **callback_kwargs)
  File "D:\учёба\Python\19. Фреймворк Django\Семинары\Lessons\myproject\myapp3\views.py", line 74, in index
    return render(request, 'myapp3/index.html')
  File "D:\учёба\Python\19. Фреймворк Django\Семинары\Lessons\venv\lib\site-packages\django\shortcuts.py", line 24, in render
    content = loader.render_to_string(template_name, context, request, using=using)
  File "D:\учёба\Python\19. Фреймворк Django\Семинары\Lessons\venv\lib\site-packages\django\template\loader.py", line 61, in render_to_string
    template = get_template(template_name, using=using)
  File "D:\учёба\Python\19. Фреймворк Django\Семинары\Lessons\venv\lib\site-packages\django\template\loader.py", line 15, in get_template
    return engine.get_template(template_name)
  File "D:\учёба\Python\19. Фреймворк Django\Семинары\Lessons\venv\lib\site-packages\django\template\backends\django.py", line 33, in get_template
    return Template(self.engine.get_template(template_name), self)
  File "D:\учёба\Python\19. Фреймворк Django\Семинары\Lessons\venv\lib\site-packages\django\template\engine.py", line 175, in get_template
    template, origin = self.find_template(template_name)
  File "D:\учёба\Python\19. Фреймворк Django\Семинары\Lessons\venv\lib\site-packages\django\template\engine.py", line 157, in find_template
    template = loader.get_template(name, skip=skip)
  File "D:\учёба\Python\19. Фреймворк Django\Семинары\Lessons\venv\lib\site-packages\django\template\loaders\cached.py", line 57, in get_template
    template = super().get_template(template_name, skip)
  File "D:\учёба\Python\19. Фреймворк Django\Семинары\Lessons\venv\lib\site-packages\django\template\loaders\base.py", line 28, in get_template
    return Template(
  File "D:\учёба\Python\19. Фреймворк Django\Семинары\Lessons\venv\lib\site-packages\django\template\base.py", line 154, in __init__
    self.nodelist = self.compile_nodelist()
  File "D:\учёба\Python\19. Фреймворк Django\Семинары\Lessons\venv\lib\site-packages\django\template\base.py", line 200, in compile_nodelist
    return parser.parse()
  File "D:\учёба\Python\19. Фреймворк Django\Семинары\Lessons\venv\lib\site-packages\django\template\base.py", line 513, in parse
    raise self.error(token, e)
  File "D:\учёба\Python\19. Фреймворк Django\Семинары\Lessons\venv\lib\site-packages\django\template\base.py", line 511, in parse
    compiled_result = compile_func(self, token)
  File "D:\учёба\Python\19. Фреймворк Django\Семинары\Lessons\venv\lib\site-packages\django\template\loader_tags.py", line 295, in do_extends
    raise TemplateSyntaxError(
django.template.exceptions.TemplateSyntaxError: 'extends' cannot appear more than once in the same template
ERROR 2023-10-01 20:32:07,375 basehttp 9824 9656 "GET /lesson3/index/ HTTP/1.1" 500 137606
ERROR 2023-10-01 20:32:52,770 log 9824 9656 Internal Server Error: /lesson3/index/
Traceback (most recent call last):
  File "D:\учёба\Python\19. Фреймворк Django\Семинары\Lessons\venv\lib\site-packages\django\core\handlers\exception.py", line 55, in inner
    response = get_response(request)
  File "D:\учёба\Python\19. Фреймворк Django\Семинары\Lessons\venv\lib\site-packages\django\core\handlers\base.py", line 197, in _get_response
    response = wrapped_callback(request, *callback_args, **callback_kwargs)
  File "D:\учёба\Python\19. Фреймворк Django\Семинары\Lessons\myproject\myapp3\views.py", line 74, in index
    return render(request, 'myapp3/index.html')
  File "D:\учёба\Python\19. Фреймворк Django\Семинары\Lessons\venv\lib\site-packages\django\shortcuts.py", line 24, in render
    content = loader.render_to_string(template_name, context, request, using=using)
  File "D:\учёба\Python\19. Фреймворк Django\Семинары\Lessons\venv\lib\site-packages\django\template\loader.py", line 61, in render_to_string
    template = get_template(template_name, using=using)
  File "D:\учёба\Python\19. Фреймворк Django\Семинары\Lessons\venv\lib\site-packages\django\template\loader.py", line 15, in get_template
    return engine.get_template(template_name)
  File "D:\учёба\Python\19. Фреймворк Django\Семинары\Lessons\venv\lib\site-packages\django\template\backends\django.py", line 33, in get_template
    return Template(self.engine.get_template(template_name), self)
  File "D:\учёба\Python\19. Фреймворк Django\Семинары\Lessons\venv\lib\site-packages\django\template\engine.py", line 175, in get_template
    template, origin = self.find_template(template_name)
  File "D:\учёба\Python\19. Фреймворк Django\Семинары\Lessons\venv\lib\site-packages\django\template\engine.py", line 157, in find_template
    template = loader.get_template(name, skip=skip)
  File "D:\учёба\Python\19. Фреймворк Django\Семинары\Lessons\venv\lib\site-packages\django\template\loaders\cached.py", line 57, in get_template
    template = super().get_template(template_name, skip)
  File "D:\учёба\Python\19. Фреймворк Django\Семинары\Lessons\venv\lib\site-packages\django\template\loaders\base.py", line 28, in get_template
    return Template(
  File "D:\учёба\Python\19. Фреймворк Django\Семинары\Lessons\venv\lib\site-packages\django\template\base.py", line 154, in __init__
    self.nodelist = self.compile_nodelist()
  File "D:\учёба\Python\19. Фреймворк Django\Семинары\Lessons\venv\lib\site-packages\django\template\base.py", line 200, in compile_nodelist
    return parser.parse()
  File "D:\учёба\Python\19. Фреймворк Django\Семинары\Lessons\venv\lib\site-packages\django\template\base.py", line 513, in parse
    raise self.error(token, e)
  File "D:\учёба\Python\19. Фреймворк Django\Семинары\Lessons\venv\lib\site-packages\django\template\base.py", line 511, in parse
    compiled_result = compile_func(self, token)
  File "D:\учёба\Python\19. Фреймворк Django\Семинары\Lessons\venv\lib\site-packages\django\template\loader_tags.py", line 293, in do_extends
    nodelist = parser.parse()
  File "D:\учёба\Python\19. Фреймворк Django\Семинары\Lessons\venv\lib\site-packages\django\template\base.py", line 514, in parse
    self.extend_nodelist(nodelist, compiled_result, token)
  File "D:\учёба\Python\19. Фреймворк Django\Семинары\Lessons\venv\lib\site-packages\django\template\base.py", line 531, in extend_nodelist
    raise self.error(
django.template.exceptions.TemplateSyntaxError: <ExtendsNode: extends 'myapp3/base.html'> must be the first tag in the template.
ERROR 2023-10-01 20:32:52,774 basehttp 9824 9656 "GET /lesson3/index/ HTTP/1.1" 500 146347
ERROR 2023-10-01 20:34:46,327 log 9824 9656 Internal Server Error: /lesson3/index/
Traceback (most recent call last):
  File "D:\учёба\Python\19. Фреймворк Django\Семинары\Lessons\venv\lib\site-packages\django\core\handlers\exception.py", line 55, in inner
    response = get_response(request)
  File "D:\учёба\Python\19. Фреймворк Django\Семинары\Lessons\venv\lib\site-packages\django\core\handlers\base.py", line 197, in _get_response
    response = wrapped_callback(request, *callback_args, **callback_kwargs)
  File "D:\учёба\Python\19. Фреймворк Django\Семинары\Lessons\myproject\myapp3\views.py", line 74, in index
    return render(request, 'myapp3/index.html')
  File "D:\учёба\Python\19. Фреймворк Django\Семинары\Lessons\venv\lib\site-packages\django\shortcuts.py", line 24, in render
    content = loader.render_to_string(template_name, context, request, using=using)
  File "D:\учёба\Python\19. Фреймворк Django\Семинары\Lessons\venv\lib\site-packages\django\template\loader.py", line 61, in render_to_string
    template = get_template(template_name, using=using)
  File "D:\учёба\Python\19. Фреймворк Django\Семинары\Lessons\venv\lib\site-packages\django\template\loader.py", line 15, in get_template
    return engine.get_template(template_name)
  File "D:\учёба\Python\19. Фреймворк Django\Семинары\Lessons\venv\lib\site-packages\django\template\backends\django.py", line 33, in get_template
    return Template(self.engine.get_template(template_name), self)
  File "D:\учёба\Python\19. Фреймворк Django\Семинары\Lessons\venv\lib\site-packages\django\template\engine.py", line 175, in get_template
    template, origin = self.find_template(template_name)
  File "D:\учёба\Python\19. Фреймворк Django\Семинары\Lessons\venv\lib\site-packages\django\template\engine.py", line 157, in find_template
    template = loader.get_template(name, skip=skip)
  File "D:\учёба\Python\19. Фреймворк Django\Семинары\Lessons\venv\lib\site-packages\django\template\loaders\cached.py", line 57, in get_template
    template = super().get_template(template_name, skip)
  File "D:\учёба\Python\19. Фреймворк Django\Семинары\Lessons\venv\lib\site-packages\django\template\loaders\base.py", line 28, in get_template
    return Template(
  File "D:\учёба\Python\19. Фреймворк Django\Семинары\Lessons\venv\lib\site-packages\django\template\base.py", line 154, in __init__
    self.nodelist = self.compile_nodelist()
  File "D:\учёба\Python\19. Фреймворк Django\Семинары\Lessons\venv\lib\site-packages\django\template\base.py", line 200, in compile_nodelist
    return parser.parse()
  File "D:\учёба\Python\19. Фреймворк Django\Семинары\Lessons\venv\lib\site-packages\django\template\base.py", line 513, in parse
    raise self.error(token, e)
  File "D:\учёба\Python\19. Фреймворк Django\Семинары\Lessons\venv\lib\site-packages\django\template\base.py", line 511, in parse
    compiled_result = compile_func(self, token)
  File "D:\учёба\Python\19. Фреймворк Django\Семинары\Lessons\venv\lib\site-packages\django\template\loader_tags.py", line 295, in do_extends
    raise TemplateSyntaxError(
django.template.exceptions.TemplateSyntaxError: 'extends' cannot appear more than once in the same template
ERROR 2023-10-01 20:34:46,331 basehttp 9824 9656 "GET /lesson3/index/ HTTP/1.1" 500 137608
INFO 2023-10-01 20:35:35,453 basehttp 9824 9656 "GET /lesson3/index/ HTTP/1.1" 200 613
INFO 2023-10-01 20:36:22,724 basehttp 9824 9656 "GET /lesson3/index/ HTTP/1.1" 200 613
INFO 2023-10-01 20:36:34,455 basehttp 9824 9656 "GET /lesson3/about/ HTTP/1.1" 200 619
INFO 2023-10-01 20:36:40,421 basehttp 9824 9656 "GET / HTTP/1.1" 200 613
WARNING 2023-10-01 20:36:50,082 log 9824 9656 Not Found: /about
WARNING 2023-10-01 20:36:50,083 basehttp 9824 9656 "GET /about HTTP/1.1" 404 2410
INFO 2023-10-01 20:36:59,494 basehttp 9824 9656 "GET /lesson3/ HTTP/1.1" 200 179
INFO 2023-10-01 20:37:14,258 basehttp 9824 9656 "GET /lesson3/about/ HTTP/1.1" 200 619
INFO 2023-10-01 20:40:14,842 autoreload 9824 8012 D:\учёба\Python\19. Фреймворк Django\Семинары\Lessons\myproject\myapp3\models.py changed, reloading.
INFO 2023-10-01 20:40:16,218 autoreload 9148 888 Watching for file changes with StatReloader
INFO 2023-10-01 21:11:57,420 autoreload 7720 4476 Watching for file changes with StatReloader
INFO 2023-10-01 21:12:43,070 basehttp 7720 3460 "GET /lesson3/author/5 HTTP/1.1" 301 0
INFO 2023-10-01 21:12:43,096 basehttp 7720 10044 "GET /lesson3/author/5/ HTTP/1.1" 200 1287
INFO 2023-10-01 21:12:57,407 basehttp 7720 10044 "GET /lesson3/post/48/ HTTP/1.1" 200 693
INFO 2023-10-01 21:13:15,576 basehttp 7720 10044 "GET /lesson3/post/47/ HTTP/1.1" 200 710
INFO 2023-10-01 21:13:17,922 basehttp 7720 10044 "GET /lesson3/post/50/ HTTP/1.1" 200 721
INFO 2023-10-01 21:13:20,323 basehttp 7720 10044 "GET /lesson3/post/46/ HTTP/1.1" 200 704
INFO 2023-10-01 21:13:23,373 basehttp 7720 10044 "GET /lesson3/post/49/ HTTP/1.1" 200 707
INFO 2023-10-01 21:14:03,180 basehttp 7720 10044 "GET /lesson3/author/3 HTTP/1.1" 301 0
INFO 2023-10-01 21:14:03,192 basehttp 7720 1312 "GET /lesson3/author/3/ HTTP/1.1" 200 1319
INFO 2023-10-01 21:14:07,954 basehttp 7720 1312 "GET /lesson3/post/30/ HTTP/1.1" 200 707
INFO 2023-10-05 18:55:00,557 autoreload 9296 6080 Watching for file changes with StatReloader
INFO 2023-10-05 18:56:09,285 autoreload 8848 10420 Watching for file changes with StatReloader
INFO 2023-10-05 18:56:11,819 basehttp 8848 9340 "GET / HTTP/1.1" 200 613
WARNING 2023-10-05 18:56:32,643 log 8848 9340 Not Found: /дуыыщт4
WARNING 2023-10-05 18:56:32,645 basehttp 8848 9340 "GET /%D0%B4%D1%83%D1%8B%D1%8B%D1%89%D1%824 HTTP/1.1" 404 2566
WARNING 2023-10-05 18:56:43,443 log 8848 9340 Not Found: /lesson4/
WARNING 2023-10-05 18:56:43,453 basehttp 8848 9340 "GET /lesson4/ HTTP/1.1" 404 2601
WARNING 2023-10-05 18:56:56,650 log 8848 9340 Not Found: /lesson4/
WARNING 2023-10-05 18:56:56,651 basehttp 8848 9340 "GET /lesson4/ HTTP/1.1" 404 2601
INFO 2023-10-05 18:57:00,005 basehttp 8848 9340 "GET /lesson4/user/add/ HTTP/1.1" 200 761
INFO 2023-10-05 19:01:16,658 autoreload 1104 5028 Watching for file changes with StatReloader
INFO 2023-10-05 19:01:19,765 basehttp 1104 11980 "GET /lesson4/user/add/ HTTP/1.1" 200 979
INFO 2023-10-05 19:02:28,560 basehttp 1104 11980 "POST /lesson4/user/add/ HTTP/1.1" 200 1025
INFO 2023-10-05 19:02:58,679 basehttp 1104 11980 "POST /lesson4/user/add/ HTTP/1.1" 200 1025
INFO 2023-10-05 19:03:12,839 basehttp 1104 11980 "POST /lesson4/user/add/ HTTP/1.1" 200 1024
INFO 2023-10-05 19:04:08,992 basehttp 1104 11980 "POST /lesson4/user/add/ HTTP/1.1" 200 1026
INFO 2023-10-05 19:05:29,850 autoreload 11496 11204 Watching for file changes with StatReloader
WARNING 2023-10-05 19:05:31,797 log 11496 5064 Not Found: /lesson4/user/
WARNING 2023-10-05 19:05:31,798 basehttp 11496 5064 "GET /lesson4/user/ HTTP/1.1" 404 2616
INFO 2023-10-05 19:26:51,945 autoreload 7808 9864 Watching for file changes with StatReloader
WARNING 2023-10-05 19:26:59,606 log 7808 12632 Not Found: /lesson4/user/
WARNING 2023-10-05 19:26:59,607 basehttp 7808 12632 "GET /lesson4/user/ HTTP/1.1" 404 2802
WARNING 2023-10-05 19:27:06,449 log 7808 12632 Not Found: /lesson4/ forms/
WARNING 2023-10-05 19:27:06,474 basehttp 7808 12632 "GET /lesson4/%20forms/ HTTP/1.1" 404 2810
INFO 2023-10-05 19:27:14,593 basehttp 7808 12632 "GET /lesson4/forms/ HTTP/1.1" 200 1522
INFO 2023-10-05 19:28:28,947 views 7808 12632 Получили form.cleaned_data={'name': 'name', 'email': 'name@name.com', 'age': 37, 'height': 176.5, 'is_active': False, 'birthdate': datetime.date(1983, 10, 5), 'gender': 'M'}.
INFO 2023-10-05 19:28:28,957 basehttp 7808 12632 "POST /lesson4/forms/ HTTP/1.1" 200 1591
INFO 2023-10-05 19:29:00,227 views 7808 12632 Получили form.cleaned_data={'name': 'name', 'email': 'name@name.com', 'age': 37, 'height': 176.5, 'is_active': True, 'birthdate': datetime.date(1983, 10, 5), 'gender': 'M'}.
INFO 2023-10-05 19:29:00,237 basehttp 7808 12632 "POST /lesson4/forms/ HTTP/1.1" 200 1599
INFO 2023-10-05 19:40:21,540 autoreload 6004 10508 Watching for file changes with StatReloader
INFO 2023-10-05 19:40:25,792 views 6004 10304 Получили form.cleaned_data={'name': 'name', 'email': 'name@name.com', 'age': 37, 'height': 176.5, 'is_active': True, 'birthdate': datetime.date(1983, 10, 5), 'gender': 'M'}.
INFO 2023-10-05 19:40:25,832 basehttp 6004 10304 "POST /lesson4/forms/ HTTP/1.1" 200 1599
INFO 2023-10-05 19:40:28,427 basehttp 6004 10304 "GET /lesson4/forms/ HTTP/1.1" 200 1522
INFO 2023-10-05 19:40:53,298 basehttp 6004 10304 "GET /lesson4/forms HTTP/1.1" 301 0
INFO 2023-10-05 19:40:53,315 basehttp 6004 2664 "GET /lesson4/forms/ HTTP/1.1" 200 1522
INFO 2023-10-05 19:41:43,770 autoreload 6004 10508 D:\учёба\Python\19. Фреймворк Django\Лекции\Lessons\myproject\myapp4\views.py changed, reloading.
INFO 2023-10-05 19:41:45,050 autoreload 12844 13252 Watching for file changes with StatReloader
INFO 2023-10-05 19:42:21,902 autoreload 12844 13252 D:\учёба\Python\19. Фреймворк Django\Лекции\Lessons\myproject\myapp4\views.py changed, reloading.
INFO 2023-10-05 19:42:23,205 autoreload 12576 12992 Watching for file changes with StatReloader
INFO 2023-10-05 19:42:58,736 autoreload 12576 12992 D:\учёба\Python\19. Фреймворк Django\Лекции\Lessons\myproject\myapp4\views.py changed, reloading.
INFO 2023-10-05 19:43:00,022 autoreload 2424 1332 Watching for file changes with StatReloader
INFO 2023-10-05 19:43:22,240 basehttp 2424 9104 "GET /lesson4/forms/ HTTP/1.1" 200 2143
INFO 2023-10-05 19:48:01,263 views 2424 9104 Получили form.cleaned_data={'name': 'name', 'email': 'name@mail.com', 'age': 37, 'height': 176.5, 'is_active': True, 'birthdate': datetime.date(1985, 10, 5), 'gender': 'M', 'message': 'hello, world!'}.
INFO 2023-10-05 19:48:01,274 basehttp 2424 9104 "POST /lesson4/forms/ HTTP/1.1" 200 2232
INFO 2023-10-05 19:48:17,550 views 2424 9104 Получили form.cleaned_data={'name': 'name', 'email': 'name@mail.com', 'age': 37, 'height': 176.5, 'is_active': True, 'birthdate': datetime.date(1985, 10, 5), 'gender': 'M', 'message': 'hello, world!'}.
INFO 2023-10-05 19:48:17,570 basehttp 2424 9104 "POST /lesson4/forms/ HTTP/1.1" 200 2232
INFO 2023-10-05 20:03:06,723 autoreload 8504 10364 Watching for file changes with StatReloader
INFO 2023-10-05 20:03:22,225 views 8504 12040 Получили form.cleaned_data={'name': 'name', 'email': 'name@mail.com', 'age': 37, 'height': 176.5, 'is_active': True, 'birthdate': datetime.date(1985, 10, 5), 'gender': 'M', 'message': 'hello, world!'}.
INFO 2023-10-05 20:03:22,266 basehttp 8504 12040 "POST /lesson4/forms/ HTTP/1.1" 200 2232
INFO 2023-10-05 20:03:35,710 basehttp 8504 12040 "GET /lesson4/user HTTP/1.1" 301 0
INFO 2023-10-05 20:03:35,726 basehttp 8504 11108 "GET /lesson4/user/ HTTP/1.1" 200 1018
INFO 2023-10-05 20:04:56,145 basehttp 8504 11108 "GET /lesson4/user/ HTTP/1.1" 200 957
INFO 2023-10-05 20:05:29,437 basehttp 8504 11108 "POST /lesson4/user/ HTTP/1.1" 200 1097
INFO 2023-10-05 20:06:13,538 views 8504 11108 Получили name='name', email='name@corp.mail.ru', age=37.
INFO 2023-10-05 20:06:13,599 basehttp 8504 11108 "POST /lesson4/user/ HTTP/1.1" 200 1019
INFO 2023-10-05 20:24:53,963 autoreload 11528 9592 Watching for file changes with StatReloader
INFO 2023-10-05 20:25:13,966 basehttp 11528 10968 "GET /lesson4/upload HTTP/1.1" 301 0
INFO 2023-10-05 20:25:13,991 basehttp 11528 12568 "GET /lesson4/upload/ HTTP/1.1" 200 645
INFO 2023-10-05 20:27:48,814 basehttp 11528 12568 "POST /lesson4/upload/ HTTP/1.1" 200 645
INFO 2023-10-05 20:56:57,164 autoreload 12080 12992 Watching for file changes with StatReloader
INFO 2023-10-05 20:57:23,189 basehttp 12080 12204 "GET /admin HTTP/1.1" 301 0
INFO 2023-10-05 20:57:23,217 basehttp 12080 12960 "GET /admin/ HTTP/1.1" 302 0
INFO 2023-10-05 20:57:23,310 basehttp 12080 12960 "GET /admin/login/?next=/admin/ HTTP/1.1" 200 4181
INFO 2023-10-05 20:57:23,373 basehttp 12080 11368 "GET /static/admin/css/nav_sidebar.css HTTP/1.1" 200 2694
INFO 2023-10-05 20:57:23,374 basehttp 12080 10564 "GET /static/admin/css/login.css HTTP/1.1" 200 958
INFO 2023-10-05 20:57:23,375 basehttp 12080 12960 "GET /static/admin/css/base.css HTTP/1.1" 200 21207
INFO 2023-10-05 20:57:23,375 basehttp 12080 9336 "GET /static/admin/css/dark_mode.css HTTP/1.1" 200 2929
INFO 2023-10-05 20:57:23,378 basehttp 12080 11496 "GET /static/admin/css/responsive.css HTTP/1.1" 200 18533
INFO 2023-10-05 20:57:23,493 basehttp 12080 11496 "GET /static/admin/js/theme.js HTTP/1.1" 200 1943
INFO 2023-10-05 20:57:23,494 basehttp 12080 12960 "GET /static/admin/js/nav_sidebar.js HTTP/1.1" 200 3063
INFO 2023-10-05 20:57:52,033 basehttp 12080 12960 "POST /admin/login/?next=/admin/ HTTP/1.1" 200 4342
INFO 2023-10-05 20:59:08,801 autoreload 12080 12992 D:\учёба\Python\19. Фреймворк Django\Лекции\Lessons\myproject\myproject\settings.py changed, reloading.
INFO 2023-10-05 20:59:10,342 autoreload 6804 7796 Watching for file changes with StatReloader
INFO 2023-10-05 21:00:28,099 basehttp 6804 10464 "POST /admin/login/?next=/admin/ HTTP/1.1" 200 4534
INFO 2023-10-05 21:08:35,105 autoreload 9244 12828 Watching for file changes with StatReloader
INFO 2023-10-05 21:08:40,262 basehttp 9244 12572 "POST /admin/login/?next=/admin/ HTTP/1.1" 302 0
INFO 2023-10-05 21:08:40,364 basehttp 9244 12572 "GET /admin/ HTTP/1.1" 200 5556
INFO 2023-10-05 21:08:40,464 basehttp 9244 12572 "GET /static/admin/css/dashboard.css HTTP/1.1" 200 441
INFO 2023-10-05 21:08:40,631 basehttp 9244 12572 "GET /static/admin/img/icon-addlink.svg HTTP/1.1" 200 331
INFO 2023-10-05 21:08:40,632 basehttp 9244 13276 "GET /static/admin/img/icon-changelink.svg HTTP/1.1" 200 380
INFO 2023-10-05 21:11:20,557 basehttp 9244 13276 "GET /admin/auth/user/ HTTP/1.1" 200 10452
INFO 2023-10-05 21:11:20,607 basehttp 9244 13276 "GET /static/admin/css/changelists.css HTTP/1.1" 200 6566
INFO 2023-10-05 21:11:20,608 basehttp 9244 8868 "GET /static/admin/js/jquery.init.js HTTP/1.1" 200 347
INFO 2023-10-05 21:11:20,624 basehttp 9244 12572 "GET /admin/jsi18n/ HTTP/1.1" 200 3343
INFO 2023-10-05 21:11:20,624 basehttp 9244 3720 "GET /static/admin/js/admin/RelatedObjectLookups.js HTTP/1.1" 200 8943
INFO 2023-10-05 21:11:20,627 basehttp 9244 1540 "GET /static/admin/js/core.js HTTP/1.1" 200 5682
INFO 2023-10-05 21:11:20,642 basehttp 9244 13276 "GET /static/admin/js/urlify.js HTTP/1.1" 200 7887
INFO 2023-10-05 21:11:20,643 basehttp 9244 8868 "GET /static/admin/js/actions.js HTTP/1.1" 200 7872
INFO 2023-10-05 21:11:20,645 basehttp 9244 12572 "GET /static/admin/js/prepopulate.js HTTP/1.1" 200 1531
INFO 2023-10-05 21:11:20,664 basehttp 9244 8376 "GET /static/admin/js/vendor/jquery/jquery.js HTTP/1.1" 200 292458
INFO 2023-10-05 21:11:20,681 basehttp 9244 1540 "GET /static/admin/js/vendor/xregexp/xregexp.js HTTP/1.1" 200 232381
INFO 2023-10-05 21:11:20,751 basehttp 9244 1540 "GET /static/admin/js/filters.js HTTP/1.1" 200 978
INFO 2023-10-05 21:11:20,754 basehttp 9244 8376 "GET /static/admin/img/search.svg HTTP/1.1" 200 458
INFO 2023-10-05 21:11:20,769 basehttp 9244 8376 "GET /static/admin/img/icon-yes.svg HTTP/1.1" 200 436
INFO 2023-10-05 21:11:20,806 basehttp 9244 8376 "GET /static/admin/img/tooltag-add.svg HTTP/1.1" 200 331
INFO 2023-10-05 21:11:20,807 basehttp 9244 1540 "GET /static/admin/img/sorting-icons.svg HTTP/1.1" 200 1097
INFO 2023-10-05 21:12:05,943 basehttp 9244 1540 "GET /admin/auth/user/add/ HTTP/1.1" 200 10035
INFO 2023-10-05 21:12:05,997 basehttp 9244 8376 "GET /static/admin/js/prepopulate_init.js HTTP/1.1" 200 586
INFO 2023-10-05 21:12:05,997 basehttp 9244 1540 "GET /static/admin/css/forms.css HTTP/1.1" 200 9047
INFO 2023-10-05 21:12:06,005 basehttp 9244 12572 "GET /admin/jsi18n/ HTTP/1.1" 200 3343
INFO 2023-10-05 21:12:06,106 basehttp 9244 8376 "GET /static/admin/js/change_form.js HTTP/1.1" 200 606
INFO 2023-10-05 21:12:06,107 basehttp 9244 12572 "GET /static/admin/css/widgets.css HTTP/1.1" 200 11900
INFO 2023-10-05 21:12:54,037 basehttp 9244 12572 "POST /admin/auth/user/add/ HTTP/1.1" 200 10314
INFO 2023-10-05 21:12:54,082 basehttp 9244 12572 "GET /admin/jsi18n/ HTTP/1.1" 200 3343
INFO 2023-10-05 21:13:44,845 basehttp 9244 12572 "POST /admin/logout/ HTTP/1.1" 200 3576
INFO 2023-10-05 21:14:54,747 autoreload 9244 12828 D:\учёба\Python\19. Фреймворк Django\Лекции\Lessons\myproject\myapp5\models.py changed, reloading.
INFO 2023-10-05 21:14:56,101 autoreload 13248 12900 Watching for file changes with StatReloader
INFO 2023-10-05 21:15:15,640 autoreload 13248 12900 D:\учёба\Python\19. Фреймворк Django\Лекции\Lessons\myproject\myapp5\models.py changed, reloading.
INFO 2023-10-05 21:15:17,005 autoreload 12012 9628 Watching for file changes with StatReloader
INFO 2023-10-05 21:15:31,651 autoreload 12012 9628 D:\учёба\Python\19. Фреймворк Django\Лекции\Lessons\myproject\myapp5\models.py changed, reloading.
INFO 2023-10-05 21:15:33,121 autoreload 1332 11348 Watching for file changes with StatReloader
INFO 2023-10-05 21:20:43,453 autoreload 1788 12952 Watching for file changes with StatReloader
INFO 2023-10-05 21:20:49,053 basehttp 1788 10528 "GET /admin/ HTTP/1.1" 302 0
INFO 2023-10-05 21:20:49,121 basehttp 1788 10528 "GET /admin/login/?next=/admin/ HTTP/1.1" 200 4267
INFO 2023-10-05 21:20:56,825 basehttp 1788 10528 "POST /admin/login/?next=/admin/ HTTP/1.1" 302 0
INFO 2023-10-05 21:20:56,858 basehttp 1788 10528 "GET /admin/ HTTP/1.1" 200 6992
INFO 2023-10-06 16:06:35,563 autoreload 3192 1776 Watching for file changes with StatReloader
INFO 2023-10-06 16:07:29,466 basehttp 3192 9408 "GET / HTTP/1.1" 200 613
INFO 2023-10-06 16:09:19,916 basehttp 3192 9408 "GET /admin/auth/user/ HTTP/1.1" 200 12999
INFO 2023-10-06 16:09:19,965 basehttp 3192 9408 "GET /static/admin/css/changelists.css HTTP/1.1" 200 6566
INFO 2023-10-06 16:09:19,979 basehttp 3192 11560 "GET /static/admin/js/admin/RelatedObjectLookups.js HTTP/1.1" 200 8943
INFO 2023-10-06 16:09:19,981 basehttp 3192 5456 "GET /static/admin/js/jquery.init.js HTTP/1.1" 200 347
INFO 2023-10-06 16:09:19,985 basehttp 3192 9408 "GET /static/admin/js/actions.js HTTP/1.1" 200 7872
INFO 2023-10-06 16:09:19,988 basehttp 3192 5028 "GET /static/admin/js/core.js HTTP/1.1" 200 5682
INFO 2023-10-06 16:09:19,990 basehttp 3192 11560 "GET /static/admin/js/urlify.js HTTP/1.1" 200 7887
INFO 2023-10-06 16:09:19,993 basehttp 3192 5456 "GET /static/admin/js/prepopulate.js HTTP/1.1" 200 1531
INFO 2023-10-06 16:09:20,003 basehttp 3192 10972 "GET /admin/jsi18n/ HTTP/1.1" 200 16066
INFO 2023-10-06 16:09:20,024 basehttp 3192 6308 "GET /static/admin/js/vendor/jquery/jquery.js HTTP/1.1" 200 292458
INFO 2023-10-06 16:09:20,030 basehttp 3192 11560 "GET /static/admin/js/vendor/xregexp/xregexp.js HTTP/1.1" 200 232381
INFO 2023-10-06 16:09:20,141 basehttp 3192 11560 "GET /static/admin/js/theme.js HTTP/1.1" 200 1943
INFO 2023-10-06 16:09:20,142 basehttp 3192 6308 "GET /static/admin/js/nav_sidebar.js HTTP/1.1" 200 3063
INFO 2023-10-06 16:09:20,174 basehttp 3192 6308 "GET /static/admin/js/filters.js HTTP/1.1" 200 978
INFO 2023-10-06 16:09:20,174 basehttp 3192 11560 "GET /static/admin/img/search.svg HTTP/1.1" 200 458
INFO 2023-10-06 16:09:20,174 basehttp 3192 10972 "GET /static/admin/img/icon-yes.svg HTTP/1.1" 200 436
INFO 2023-10-06 16:09:20,191 basehttp 3192 10972 "GET /static/admin/img/tooltag-add.svg HTTP/1.1" 200 331
INFO 2023-10-06 16:09:20,192 basehttp 3192 11560 "GET /static/admin/img/sorting-icons.svg HTTP/1.1" 200 1097
INFO 2023-10-06 16:09:52,425 basehttp 3192 11560 "GET /admin/auth/user/add/ HTTP/1.1" 200 12682
INFO 2023-10-06 16:09:52,481 basehttp 3192 11560 "GET /static/admin/js/prepopulate_init.js HTTP/1.1" 200 586
INFO 2023-10-06 16:09:52,494 basehttp 3192 10972 "GET /admin/jsi18n/ HTTP/1.1" 200 16066
INFO 2023-10-06 16:09:52,601 basehttp 3192 10972 "GET /static/admin/css/widgets.css HTTP/1.1" 200 11900
INFO 2023-10-06 16:10:51,136 basehttp 3192 10972 "POST /admin/auth/user/add/ HTTP/1.1" 302 0
INFO 2023-10-06 16:10:51,230 basehttp 3192 10972 "GET /admin/auth/user/2/change/ HTTP/1.1" 200 26164
INFO 2023-10-06 16:10:51,282 basehttp 3192 6308 "GET /static/admin/js/SelectBox.js HTTP/1.1" 200 4530
INFO 2023-10-06 16:10:51,283 basehttp 3192 10972 "GET /static/admin/js/calendar.js HTTP/1.1" 200 8466
INFO 2023-10-06 16:10:51,283 basehttp 3192 5456 "GET /static/admin/js/SelectFilter2.js HTTP/1.1" 200 15292
INFO 2023-10-06 16:10:51,286 basehttp 3192 11560 "GET /static/admin/js/admin/DateTimeShortcuts.js HTTP/1.1" 200 19319
INFO 2023-10-06 16:10:51,291 basehttp 3192 5028 "GET /admin/jsi18n/ HTTP/1.1" 200 16066
INFO 2023-10-06 16:10:51,754 basehttp 3192 5456 "GET /static/admin/img/selector-icons.svg HTTP/1.1" 200 3291
INFO 2023-10-06 16:10:51,756 basehttp 3192 10972 "GET /static/admin/img/icon-calendar.svg HTTP/1.1" 200 1086
INFO 2023-10-06 16:10:51,756 basehttp 3192 5028 "GET /static/admin/img/icon-unknown.svg HTTP/1.1" 200 655
INFO 2023-10-06 16:10:51,757 basehttp 3192 6308 "GET /static/admin/img/icon-clock.svg HTTP/1.1" 200 677
INFO 2023-10-06 16:10:51,758 basehttp 3192 11560 "GET /static/admin/img/icon-unknown-alt.svg HTTP/1.1" 200 655
INFO 2023-10-06 16:14:18,181 basehttp 3192 11560 "POST /admin/auth/user/2/change/ HTTP/1.1" 302 0
INFO 2023-10-06 16:14:18,213 basehttp 3192 11560 "GET /admin/auth/user/ HTTP/1.1" 200 13613
INFO 2023-10-06 16:14:18,258 basehttp 3192 11560 "GET /admin/jsi18n/ HTTP/1.1" 200 16066
INFO 2023-10-06 16:14:30,549 basehttp 3192 11560 "GET /admin/auth/group/ HTTP/1.1" 200 9335
INFO 2023-10-06 16:14:30,611 basehttp 3192 11560 "GET /admin/jsi18n/ HTTP/1.1" 200 16066
INFO 2023-10-06 16:14:33,252 basehttp 3192 11560 "GET /admin/auth/group/add/ HTTP/1.1" 200 15558
INFO 2023-10-06 16:14:33,295 basehttp 3192 11560 "GET /admin/jsi18n/ HTTP/1.1" 200 16066
INFO 2023-10-06 16:15:22,250 basehttp 3192 11560 "POST /admin/auth/group/add/ HTTP/1.1" 302 0
INFO 2023-10-06 16:15:22,279 basehttp 3192 11560 "GET /admin/auth/group/ HTTP/1.1" 200 10808
INFO 2023-10-06 16:15:22,340 basehttp 3192 11560 "GET /admin/jsi18n/ HTTP/1.1" 200 16066
INFO 2023-10-06 16:15:26,374 basehttp 3192 11560 "GET /admin/auth/user/ HTTP/1.1" 200 13699
INFO 2023-10-06 16:15:26,407 basehttp 3192 11560 "GET /admin/jsi18n/ HTTP/1.1" 200 16066
INFO 2023-10-06 16:15:29,016 basehttp 3192 11560 "GET /admin/auth/user/2/change/ HTTP/1.1" 200 25947
INFO 2023-10-06 16:15:29,082 basehttp 3192 11560 "GET /admin/jsi18n/ HTTP/1.1" 200 16066
INFO 2023-10-06 16:15:45,214 basehttp 3192 11560 "POST /admin/auth/user/2/change/ HTTP/1.1" 302 0
INFO 2023-10-06 16:15:45,248 basehttp 3192 11560 "GET /admin/auth/user/ HTTP/1.1" 200 13919
INFO 2023-10-06 16:15:45,292 basehttp 3192 11560 "GET /admin/jsi18n/ HTTP/1.1" 200 16066
INFO 2023-10-06 16:15:57,927 basehttp 3192 11560 "POST /admin/logout/ HTTP/1.1" 200 3709
INFO 2023-10-06 16:15:59,863 basehttp 3192 11560 "GET /admin/ HTTP/1.1" 302 0
INFO 2023-10-06 16:15:59,881 basehttp 3192 11560 "GET /admin/login/?next=/admin/ HTTP/1.1" 200 4267
INFO 2023-10-06 16:16:09,442 basehttp 3192 11560 "POST /admin/login/?next=/admin/ HTTP/1.1" 302 0
INFO 2023-10-06 16:16:09,469 basehttp 3192 11560 "GET /admin/ HTTP/1.1" 200 5336
INFO 2023-10-06 16:22:37,705 basehttp 3192 12516 "POST /admin/logout/ HTTP/1.1" 200 3709
INFO 2023-10-06 16:22:39,388 basehttp 3192 12516 "GET /admin/ HTTP/1.1" 302 0
INFO 2023-10-06 16:22:39,401 basehttp 3192 12516 "GET /admin/login/?next=/admin/ HTTP/1.1" 200 4267
INFO 2023-10-06 16:22:47,788 basehttp 3192 12516 "POST /admin/login/?next=/admin/ HTTP/1.1" 302 0
INFO 2023-10-06 16:22:47,815 basehttp 3192 12516 "GET /admin/ HTTP/1.1" 200 9319
INFO 2023-10-06 16:25:36,585 basehttp 3192 12516 "POST /admin/logout/ HTTP/1.1" 200 3709
INFO 2023-10-06 16:25:38,061 basehttp 3192 12516 "GET /admin/ HTTP/1.1" 302 0
INFO 2023-10-06 16:25:38,074 basehttp 3192 12516 "GET /admin/login/?next=/admin/ HTTP/1.1" 200 4267
INFO 2023-10-06 16:25:47,285 basehttp 3192 12516 "POST /admin/login/?next=/admin/ HTTP/1.1" 302 0
INFO 2023-10-06 16:25:47,308 basehttp 3192 12516 "GET /admin/ HTTP/1.1" 200 5336
INFO 2023-10-06 16:26:02,821 basehttp 3192 12516 "GET /admin/myapp3/post/ HTTP/1.1" 200 17370
INFO 2023-10-06 16:26:56,178 basehttp 3192 12516 "GET /admin/myapp3/post/76/change/ HTTP/1.1" 200 10392
INFO 2023-10-06 16:26:56,222 basehttp 3192 12516 "GET /admin/jsi18n/ HTTP/1.1" 200 16066
INFO 2023-10-06 16:27:33,465 basehttp 3192 12516 "POST /admin/myapp3/post/76/change/ HTTP/1.1" 302 0
INFO 2023-10-06 16:27:33,522 basehttp 3192 12516 "GET /admin/myapp3/post/ HTTP/1.1" 200 17585
INFO 2023-10-06 16:28:01,267 basehttp 3192 12516 "POST /admin/logout/ HTTP/1.1" 200 3709
INFO 2023-10-06 16:28:02,630 basehttp 3192 12516 "GET /admin/ HTTP/1.1" 302 0
INFO 2023-10-06 16:28:02,642 basehttp 3192 12516 "GET /admin/login/?next=/admin/ HTTP/1.1" 200 4267
INFO 2023-10-06 16:28:08,375 basehttp 3192 12516 "POST /admin/login/?next=/admin/ HTTP/1.1" 200 4534
INFO 2023-10-06 16:28:13,673 basehttp 3192 12516 "POST /admin/login/?next=/admin/ HTTP/1.1" 302 0
INFO 2023-10-06 16:28:13,698 basehttp 3192 12516 "GET /admin/ HTTP/1.1" 200 9319
INFO 2023-10-06 16:28:25,737 basehttp 3192 12516 "GET /admin/myapp3/post/ HTTP/1.1" 200 31590
INFO 2023-10-06 16:28:25,780 basehttp 3192 12516 "GET /admin/jsi18n/ HTTP/1.1" 200 16066
INFO 2023-10-06 16:28:28,876 basehttp 3192 12516 "GET /admin/myapp3/post/98/change/ HTTP/1.1" 200 13642
INFO 2023-10-06 16:28:28,932 basehttp 3192 12516 "GET /admin/jsi18n/ HTTP/1.1" 200 16066
INFO 2023-10-06 16:28:29,043 basehttp 3192 12516 "GET /static/admin/img/icon-viewlink.svg HTTP/1.1" 200 581
INFO 2023-10-06 16:28:45,072 basehttp 3192 12516 "GET /admin/myapp5/category/ HTTP/1.1" 200 8980
INFO 2023-10-06 16:28:45,117 basehttp 3192 12516 "GET /admin/jsi18n/ HTTP/1.1" 200 16066
INFO 2023-10-06 16:28:48,056 basehttp 3192 12516 "GET /admin/myapp5/category/add/ HTTP/1.1" 200 9821
INFO 2023-10-06 16:28:48,125 basehttp 3192 12516 "GET /admin/jsi18n/ HTTP/1.1" 200 16066
INFO 2023-10-06 16:29:05,936 basehttp 3192 12516 "POST /admin/myapp5/category/add/ HTTP/1.1" 302 0
INFO 2023-10-06 16:29:05,959 basehttp 3192 12516 "GET /admin/myapp5/category/add/ HTTP/1.1" 200 10111
INFO 2023-10-06 16:29:06,000 basehttp 3192 12516 "GET /admin/jsi18n/ HTTP/1.1" 200 16066
INFO 2023-10-06 16:29:10,807 basehttp 3192 12516 "POST /admin/myapp5/category/add/ HTTP/1.1" 302 0
INFO 2023-10-06 16:29:10,838 basehttp 3192 12516 "GET /admin/myapp5/category/ HTTP/1.1" 200 10666
INFO 2023-10-06 16:29:10,899 basehttp 3192 12516 "GET /admin/jsi18n/ HTTP/1.1" 200 16066
INFO 2023-10-06 16:29:15,237 basehttp 3192 12516 "GET /admin/myapp5/product/ HTTP/1.1" 200 8973
INFO 2023-10-06 16:29:15,272 basehttp 3192 12516 "GET /admin/jsi18n/ HTTP/1.1" 200 16066
INFO 2023-10-06 16:29:17,360 basehttp 3192 12516 "GET /admin/myapp5/product/add/ HTTP/1.1" 200 11677
INFO 2023-10-06 16:29:17,418 basehttp 3192 12516 "GET /admin/jsi18n/ HTTP/1.1" 200 16066
INFO 2023-10-06 16:29:40,989 basehttp 3192 12516 "POST /admin/myapp5/product/add/ HTTP/1.1" 302 0
INFO 2023-10-06 16:29:41,018 basehttp 3192 12516 "GET /admin/myapp5/product/add/ HTTP/1.1" 200 11964
INFO 2023-10-06 16:29:41,056 basehttp 3192 12516 "GET /admin/jsi18n/ HTTP/1.1" 200 16066
INFO 2023-10-06 16:29:58,638 basehttp 3192 12516 "POST /admin/myapp5/product/add/ HTTP/1.1" 302 0
INFO 2023-10-06 16:29:58,667 basehttp 3192 12516 "GET /admin/myapp5/product/add/ HTTP/1.1" 200 11966
INFO 2023-10-06 16:29:58,746 basehttp 3192 12516 "GET /admin/jsi18n/ HTTP/1.1" 200 16066
INFO 2023-10-06 16:30:10,672 basehttp 3192 12516 "GET /admin/myapp5/category/add/?_to_field=id&_popup=1 HTTP/1.1" 200 4478
INFO 2023-10-06 16:30:10,707 basehttp 3192 12516 "GET /admin/jsi18n/ HTTP/1.1" 200 16066
INFO 2023-10-06 16:30:21,601 basehttp 3192 12516 "POST /admin/myapp5/category/add/?_to_field=id&_popup=1 HTTP/1.1" 200 391
INFO 2023-10-06 16:30:21,622 basehttp 3192 12516 "GET /static/admin/js/popup_response.js HTTP/1.1" 200 551
INFO 2023-10-06 16:30:51,903 basehttp 3192 12516 "POST /admin/myapp5/product/add/ HTTP/1.1" 302 0
INFO 2023-10-06 16:30:51,933 basehttp 3192 12516 "GET /admin/myapp5/product/add/ HTTP/1.1" 200 12003
INFO 2023-10-06 16:30:51,984 basehttp 3192 12516 "GET /admin/jsi18n/ HTTP/1.1" 200 16066
INFO 2023-10-06 16:31:05,883 basehttp 3192 12516 "POST /admin/myapp5/product/add/ HTTP/1.1" 302 0
INFO 2023-10-06 16:31:05,913 basehttp 3192 12516 "GET /admin/myapp5/product/ HTTP/1.1" 200 11091
INFO 2023-10-06 16:31:05,969 basehttp 3192 12516 "GET /admin/jsi18n/ HTTP/1.1" 200 16066
INFO 2023-10-06 16:31:32,160 basehttp 3192 12516 "GET /admin/myapp5/product/1/change/ HTTP/1.1" 200 11958
INFO 2023-10-06 16:31:32,201 basehttp 3192 12516 "GET /admin/jsi18n/ HTTP/1.1" 200 16066
INFO 2023-10-06 16:31:36,677 basehttp 3192 12516 "GET /admin/myapp5/product/1/delete/ HTTP/1.1" 200 9045
INFO 2023-10-06 16:31:36,722 basehttp 3192 12516 "GET /static/admin/js/cancel.js HTTP/1.1" 200 884
INFO 2023-10-06 16:32:00,701 basehttp 3192 12516 "POST /admin/myapp5/product/1/delete/ HTTP/1.1" 302 0
INFO 2023-10-06 16:32:00,729 basehttp 3192 12516 "GET /admin/myapp5/product/ HTTP/1.1" 200 10828
INFO 2023-10-06 16:32:00,763 basehttp 3192 12516 "GET /admin/jsi18n/ HTTP/1.1" 200 16066
INFO 2023-10-07 15:13:36,538 autoreload 8288 10560 Watching for file changes with StatReloader
INFO 2023-10-07 15:13:38,989 basehttp 8288 6956 "GET /admin/myapp5/product/ HTTP/1.1" 200 10660
INFO 2023-10-07 15:13:39,047 basehttp 8288 6956 "GET /admin/jsi18n/ HTTP/1.1" 200 16066
INFO 2023-10-07 15:14:02,376 basehttp 8288 6956 "GET /admin/myapp5/product/3/change/ HTTP/1.1" 200 14474
INFO 2023-10-07 15:14:02,421 basehttp 8288 6956 "GET /admin/jsi18n/ HTTP/1.1" 200 16066
INFO 2023-10-07 15:15:02,608 basehttp 8288 6956 "POST /admin/myapp5/product/3/change/ HTTP/1.1" 302 0
INFO 2023-10-07 15:15:02,639 basehttp 8288 6956 "GET /admin/myapp5/product/ HTTP/1.1" 200 10874
INFO 2023-10-07 15:15:02,704 basehttp 8288 6956 "GET /admin/jsi18n/ HTTP/1.1" 200 16066
INFO 2023-10-07 15:17:28,155 autoreload 8288 10560 D:\учёба\Python\19. Фреймворк Django\Лекции\Lessons\myproject\myapp5\admin.py changed, reloading.
INFO 2023-10-07 15:17:29,828 autoreload 10880 9068 Watching for file changes with StatReloader
INFO 2023-10-07 15:17:56,357 autoreload 10880 9068 D:\учёба\Python\19. Фреймворк Django\Лекции\Lessons\myproject\myapp5\admin.py changed, reloading.
INFO 2023-10-07 15:17:57,975 autoreload 10004 2256 Watching for file changes with StatReloader
INFO 2023-10-07 15:18:16,851 autoreload 10004 2256 D:\учёба\Python\19. Фреймворк Django\Лекции\Lessons\myproject\myapp5\admin.py changed, reloading.
INFO 2023-10-07 15:18:18,309 autoreload 7472 12720 Watching for file changes with StatReloader
INFO 2023-10-07 15:18:25,861 basehttp 7472 7404 "GET /admin/myapp5/product/ HTTP/1.1" 200 11197
INFO 2023-10-07 15:18:25,905 basehttp 7472 7404 "GET /admin/jsi18n/ HTTP/1.1" 200 16066
INFO 2023-10-07 15:19:11,202 basehttp 7472 7404 "GET /admin/myapp5/product/?o=1 HTTP/1.1" 200 11605
INFO 2023-10-07 15:19:11,244 basehttp 7472 7404 "GET /admin/jsi18n/ HTTP/1.1" 200 16066
INFO 2023-10-07 15:19:13,083 basehttp 7472 7404 "GET /admin/myapp5/product/?o= HTTP/1.1" 200 11297
INFO 2023-10-07 15:19:13,134 basehttp 7472 7404 "GET /admin/jsi18n/ HTTP/1.1" 200 16066
INFO 2023-10-07 15:19:54,935 autoreload 7472 12720 D:\учёба\Python\19. Фреймворк Django\Лекции\Lessons\myproject\myapp5\admin.py changed, reloading.
INFO 2023-10-07 15:19:56,619 autoreload 8552 11284 Watching for file changes with StatReloader
INFO 2023-10-07 15:20:22,909 basehttp 8552 11244 "GET /admin/myapp5/product/ HTTP/1.1" 200 11987
INFO 2023-10-07 15:20:22,948 basehttp 8552 11244 "GET /admin/jsi18n/ HTTP/1.1" 200 16066
INFO 2023-10-07 15:21:11,456 autoreload 8552 11284 D:\учёба\Python\19. Фреймворк Django\Лекции\Lessons\myproject\myapp5\admin.py changed, reloading.
INFO 2023-10-07 15:21:13,189 autoreload 7720 11888 Watching for file changes with StatReloader
INFO 2023-10-07 15:21:25,482 basehttp 7720 13200 "GET /admin/myapp5/product/ HTTP/1.1" 200 13233
INFO 2023-10-07 15:21:25,537 basehttp 7720 13200 "GET /admin/jsi18n/ HTTP/1.1" 200 16066
INFO 2023-10-07 15:21:47,752 basehttp 7720 13200 "GET /admin/myapp5/product/2/change/ HTTP/1.1" 200 14490
INFO 2023-10-07 15:21:47,810 basehttp 7720 13200 "GET /admin/jsi18n/ HTTP/1.1" 200 16066
INFO 2023-10-07 15:22:07,048 basehttp 7720 13200 "POST /admin/myapp5/product/2/change/ HTTP/1.1" 302 0
INFO 2023-10-07 15:22:07,087 basehttp 7720 13200 "GET /admin/myapp5/product/ HTTP/1.1" 200 13508
INFO 2023-10-07 15:22:07,131 basehttp 7720 13200 "GET /admin/jsi18n/ HTTP/1.1" 200 16066
INFO 2023-10-07 15:22:14,908 basehttp 7720 13200 "GET /admin/myapp5/product/4/change/ HTTP/1.1" 200 14498
INFO 2023-10-07 15:22:14,983 basehttp 7720 13200 "GET /admin/jsi18n/ HTTP/1.1" 200 16066
INFO 2023-10-07 15:22:25,584 basehttp 7720 13200 "POST /admin/myapp5/product/4/change/ HTTP/1.1" 302 0
INFO 2023-10-07 15:22:25,623 basehttp 7720 13200 "GET /admin/myapp5/product/ HTTP/1.1" 200 13504
INFO 2023-10-07 15:22:25,663 basehttp 7720 13200 "GET /admin/jsi18n/ HTTP/1.1" 200 16066
INFO 2023-10-07 15:22:30,757 basehttp 7720 13200 "GET /admin/myapp5/product/4/change/ HTTP/1.1" 200 14495
INFO 2023-10-07 15:22:30,813 basehttp 7720 13200 "GET /admin/jsi18n/ HTTP/1.1" 200 16066
INFO 2023-10-07 15:22:35,112 basehttp 7720 13200 "POST /admin/myapp5/product/4/change/ HTTP/1.1" 302 0
INFO 2023-10-07 15:22:35,147 basehttp 7720 13200 "GET /admin/myapp5/product/ HTTP/1.1" 200 13505
INFO 2023-10-07 15:22:35,203 basehttp 7720 13200 "GET /admin/jsi18n/ HTTP/1.1" 200 16066
INFO 2023-10-07 15:22:43,276 basehttp 7720 13200 "GET /admin/myapp5/product/ HTTP/1.1" 200 13285
INFO 2023-10-07 15:22:43,317 basehttp 7720 13200 "GET /admin/jsi18n/ HTTP/1.1" 200 16066
INFO 2023-10-07 15:24:09,836 autoreload 7720 11888 D:\учёба\Python\19. Фреймворк Django\Лекции\Lessons\myproject\myapp5\admin.py changed, reloading.
INFO 2023-10-07 15:24:11,556 autoreload 13072 12988 Watching for file changes with StatReloader
INFO 2023-10-07 15:24:13,948 basehttp 13072 6012 "GET /admin/myapp5/product/ HTTP/1.1" 200 13779
INFO 2023-10-07 15:24:13,997 basehttp 13072 6012 "GET /admin/jsi18n/ HTTP/1.1" 200 16066
INFO 2023-10-07 15:27:19,597 basehttp 13072 6012 "GET /admin/myapp5/product/?q=%D0%BA%D0%B5%D1%88%D1%8C%D1%8E HTTP/1.1" 200 11907
INFO 2023-10-07 15:27:19,656 basehttp 13072 6012 "GET /admin/jsi18n/ HTTP/1.1" 200 16066
INFO 2023-10-07 15:27:31,747 basehttp 13072 6012 "GET /admin/myapp5/product/? HTTP/1.1" 200 13779
INFO 2023-10-07 15:27:31,788 basehttp 13072 6012 "GET /admin/jsi18n/ HTTP/1.1" 200 16066
INFO 2023-10-07 15:27:43,040 basehttp 13072 6012 "GET /admin/myapp5/product/3/change/ HTTP/1.1" 200 14472
INFO 2023-10-07 15:27:43,094 basehttp 13072 6012 "GET /admin/jsi18n/ HTTP/1.1" 200 16066
INFO 2023-10-07 15:27:58,015 basehttp 13072 6012 "POST /admin/myapp5/product/3/change/ HTTP/1.1" 302 0
INFO 2023-10-07 15:27:58,049 basehttp 13072 6012 "GET /admin/myapp5/product/ HTTP/1.1" 200 13993
INFO 2023-10-07 15:27:58,086 basehttp 13072 6012 "GET /admin/jsi18n/ HTTP/1.1" 200 16066
INFO 2023-10-07 15:28:03,728 basehttp 13072 6012 "GET /admin/myapp5/product/?q=%D0%BE%D1%80%D0%B5%D1%85 HTTP/1.1" 200 13904
INFO 2023-10-07 15:28:03,790 basehttp 13072 6012 "GET /admin/jsi18n/ HTTP/1.1" 200 16066
INFO 2023-10-07 15:30:10,982 autoreload 13072 12988 D:\учёба\Python\19. Фреймворк Django\Лекции\Lessons\myproject\myapp5\admin.py changed, reloading.
INFO 2023-10-07 15:30:12,625 autoreload 9968 5580 Watching for file changes with StatReloader
INFO 2023-10-07 15:30:35,781 basehttp 9968 11624 "GET /admin/myapp5/product/ HTTP/1.1" 200 13779
INFO 2023-10-07 15:30:35,820 basehttp 9968 11624 "GET /admin/jsi18n/ HTTP/1.1" 200 16066
INFO 2023-10-07 15:31:23,264 autoreload 9968 5580 D:\учёба\Python\19. Фреймворк Django\Лекции\Lessons\myproject\myapp5\admin.py changed, reloading.
INFO 2023-10-07 15:31:24,983 autoreload 8212 13168 Watching for file changes with StatReloader
INFO 2023-10-07 15:31:34,695 basehttp 8212 12240 "GET /admin/myapp5/product/ HTTP/1.1" 200 13872
INFO 2023-10-07 15:31:34,739 basehttp 8212 12240 "GET /admin/jsi18n/ HTTP/1.1" 200 16066
INFO 2023-10-07 15:31:55,925 basehttp 8212 12240 "POST /admin/myapp5/product/ HTTP/1.1" 302 0
INFO 2023-10-07 15:31:55,962 basehttp 8212 12240 "GET /admin/myapp5/product/ HTTP/1.1" 200 13870
INFO 2023-10-07 15:31:56,018 basehttp 8212 12240 "GET /admin/jsi18n/ HTTP/1.1" 200 16066
INFO 2023-10-07 15:32:06,169 basehttp 8212 12240 "GET /admin/myapp5/product/4/change/ HTTP/1.1" 200 14495
INFO 2023-10-07 15:32:06,223 basehttp 8212 12240 "GET /admin/jsi18n/ HTTP/1.1" 200 16066
INFO 2023-10-07 15:32:10,341 basehttp 8212 12240 "POST /admin/myapp5/product/4/change/ HTTP/1.1" 302 0
INFO 2023-10-07 15:32:10,378 basehttp 8212 12240 "GET /admin/myapp5/product/ HTTP/1.1" 200 14091
INFO 2023-10-07 15:32:10,415 basehttp 8212 12240 "GET /admin/jsi18n/ HTTP/1.1" 200 16066
INFO 2023-10-07 15:32:11,657 basehttp 8212 12240 "GET /admin/myapp5/product/3/change/ HTTP/1.1" 200 14492
INFO 2023-10-07 15:32:11,713 basehttp 8212 12240 "GET /admin/jsi18n/ HTTP/1.1" 200 16066
INFO 2023-10-07 15:32:15,928 basehttp 8212 12240 "POST /admin/myapp5/product/3/change/ HTTP/1.1" 302 0
INFO 2023-10-07 15:32:15,964 basehttp 8212 12240 "GET /admin/myapp5/product/ HTTP/1.1" 200 14086
INFO 2023-10-07 15:32:16,001 basehttp 8212 12240 "GET /admin/jsi18n/ HTTP/1.1" 200 16066
INFO 2023-10-07 15:32:36,003 basehttp 8212 12240 "GET /admin/myapp5/category/ HTTP/1.1" 200 10664
INFO 2023-10-07 15:32:36,065 basehttp 8212 12240 "GET /admin/jsi18n/ HTTP/1.1" 200 16066
INFO 2023-10-07 15:33:54,502 autoreload 8212 13168 D:\учёба\Python\19. Фреймворк Django\Лекции\Lessons\myproject\myapp5\admin.py changed, reloading.
INFO 2023-10-07 15:33:56,212 autoreload 1908 9724 Watching for file changes with StatReloader
INFO 2023-10-07 15:34:07,100 basehttp 1908 8688 "GET /admin/myapp5/category/3/change/ HTTP/1.1" 200 10053
INFO 2023-10-07 15:34:07,140 basehttp 1908 8688 "GET /admin/jsi18n/ HTTP/1.1" 200 16066
INFO 2023-10-07 15:34:08,965 basehttp 1908 8688 "GET /admin/myapp5/product/ HTTP/1.1" 200 13872
INFO 2023-10-07 15:34:09,023 basehttp 1908 8688 "GET /admin/jsi18n/ HTTP/1.1" 200 16066
INFO 2023-10-07 15:34:10,583 basehttp 1908 8688 "GET /admin/myapp5/product/2/change/ HTTP/1.1" 200 13710
INFO 2023-10-07 15:34:10,622 basehttp 1908 8688 "GET /admin/jsi18n/ HTTP/1.1" 200 16066
INFO 2023-10-07 15:35:49,248 basehttp 1908 8688 "GET /admin/myapp5/category/1/change/?_to_field=id HTTP/1.1" 200 10110
INFO 2023-10-07 15:35:49,306 basehttp 1908 8688 "GET /admin/jsi18n/ HTTP/1.1" 200 16066
INFO 2023-10-07 15:35:52,942 basehttp 1908 8688 "GET /admin/myapp5/product/ HTTP/1.1" 200 13872
INFO 2023-10-07 15:35:52,978 basehttp 1908 8688 "GET /admin/jsi18n/ HTTP/1.1" 200 16066
INFO 2023-10-07 15:35:54,942 basehttp 1908 8688 "GET /admin/myapp5/product/2/change/ HTTP/1.1" 200 13710
INFO 2023-10-07 15:35:55,002 basehttp 1908 8688 "GET /admin/jsi18n/ HTTP/1.1" 200 16066
INFO 2023-10-07 15:39:27,891 autoreload 1908 9724 D:\учёба\Python\19. Фреймворк Django\Лекции\Lessons\myproject\myapp5\admin.py changed, reloading.
INFO 2023-10-07 15:39:29,486 autoreload 1544 4800 Watching for file changes with StatReloader
INFO 2023-10-07 15:39:32,954 autoreload 1544 4800 D:\учёба\Python\19. Фреймворк Django\Лекции\Lessons\myproject\myapp5\admin.py changed, reloading.
INFO 2023-10-07 15:39:34,463 autoreload 4532 12284 Watching for file changes with StatReloader
INFO 2023-10-07 15:42:17,238 basehttp 4532 11756 "GET /admin/myapp5/product/ HTTP/1.1" 200 13872
INFO 2023-10-07 15:42:17,281 basehttp 4532 11756 "GET /admin/jsi18n/ HTTP/1.1" 200 16066
INFO 2023-10-07 15:42:22,696 basehttp 4532 11756 "GET /admin/myapp5/product/2/change/ HTTP/1.1" 200 15622
INFO 2023-10-07 15:42:22,753 basehttp 4532 11756 "GET /static/admin/js/collapse.js HTTP/1.1" 200 1803
INFO 2023-10-07 15:42:22,754 basehttp 4532 2304 "GET /admin/jsi18n/ HTTP/1.1" 200 16066
INFO 2023-10-07 15:43:02,901 basehttp 4532 2304 "GET /admin/myapp5/product/ HTTP/1.1" 200 13872
INFO 2023-10-07 15:43:02,941 basehttp 4532 2304 "GET /admin/jsi18n/ HTTP/1.1" 200 16066
INFO 2023-10-07 15:43:04,918 basehttp 4532 2304 "GET /admin/myapp5/product/4/change/ HTTP/1.1" 200 15630
INFO 2023-10-07 15:43:04,981 basehttp 4532 2304 "GET /admin/jsi18n/ HTTP/1.1" 200 16066
INFO 2023-10-07 15:43:07,696 basehttp 4532 2304 "GET /admin/myapp5/product/ HTTP/1.1" 200 13872
INFO 2023-10-07 15:43:07,732 basehttp 4532 2304 "GET /admin/jsi18n/ HTTP/1.1" 200 16066
INFO 2023-10-07 15:43:08,932 basehttp 4532 2304 "GET /admin/myapp5/product/3/change/ HTTP/1.1" 200 15627
INFO 2023-10-07 15:43:08,990 basehttp 4532 2304 "GET /admin/jsi18n/ HTTP/1.1" 200 16066
INFO 2023-10-07 15:43:13,799 basehttp 4532 2304 "GET /admin/myapp5/product/ HTTP/1.1" 200 13872
INFO 2023-10-07 15:43:13,833 basehttp 4532 2304 "GET /admin/jsi18n/ HTTP/1.1" 200 16066
